


ARM Macro Assembler    Page 1 


    1 00000000 40010800 
                       GPIOA_BASE
                               EQU              0x40010800  ; GPIOAÂü∫Âú∞ÂùÄ
    2 00000000 40010800 
                       GPIOA_CRL
                               EQU              GPIOA_BASE  ; ‰ΩéÈÖçÁΩÆÂØÑÂ≠òÂô
                                                            ®
    3 00000000 40010804 
                       GPIOA_CRH
                               EQU              GPIOA_BASE+0x04 ; È´òÈÖçÁΩÆÂØÑÂ
                                                            ≠òÂô®
    4 00000000 40010808 
                       GPIOA_IDR
                               EQU              GPIOA_BASE+0x08 ; ËæìÂÖ•Êï∞ÊçÆÂ
                                                            ØÑÂ≠òÂô®
    5 00000000 4001080C 
                       GPIOA_ODR
                               EQU              GPIOA_BASE+0x0c ; ËæìÂá∫Êï∞ÊçÆÂ
                                                            ØÑÂ≠òÂô®
    6 00000000 40010810 
                       GPIOA_BSRR
                               EQU              GPIOA_BASE+0x10 ; Á´ØÂè£‰ΩçÁΩÆ‰
                                                            Ωç/Ê∏ÖÈô§ÂØÑÂ≠òÂô®
    7 00000000 40010814 
                       GPIOA_BRR
                               EQU              GPIOA_BASE+0x14 ; Á´ØÂè£‰ΩçÊ∏ÖÈ
                                                            ô§ÂØÑÂ≠òÂô®
    8 00000000         
    9 00000000 33333333 
                       CFGAL   EQU              0x33333333  ; PA0~7Ôºö  Êé®ÊåΩË
                                                            æìÂá∫Ôºå50MHz
   10 00000000 00000333 
                       CFGAH   EQU              0x00000333  ; PA8~10Ôºö Êé®ÊåΩË
                                                            æìÂá∫Ôºå50MHz
   11 00000000         
   12 00000000 40010C00 
                       GPIOB_BASE
                               EQU              0x40010c00  ; GPIOBÂü∫Âú∞ÂùÄ
   13 00000000 40010C00 
                       GPIOB_CRL
                               EQU              GPIOB_BASE+0x00 ; GPIOB‰ΩéÈÖçÁΩ
                                                            ÆÂØÑÂ≠òÂô®
   14 00000000 40010C04 
                       GPIOB_CRH
                               EQU              GPIOB_BASE+0x04 ; GPIOBÈ´òÈÖçÁΩ
                                                            ÆÂØÑÂ≠òÂô®
   15 00000000 40010C08 
                       GPIOB_IDR
                               EQU              GPIOB_BASE+0x08 ; GPIOBËæìÂÖ•Êï
                                                            ∞ÊçÆÂØÑÂ≠òÂô®
   16 00000000 40010C0C 
                       GPIOB_ODR
                               EQU              GPIOB_BASE+0x0c ; GPIOBËæìÂá∫Êï
                                                            ∞ÊçÆÂØÑÂ≠òÂô®
   17 00000000 40010C10 
                       GPIOB_BSRR
                               EQU              GPIOB_BASE+0x10 ; GPIOB‰ΩçÁ´ØÂè
                                                            £ÁΩÆ‰Ωç/Ê∏ÖÈõ∂ÂØÑÂ≠
                                                            òÂô®



ARM Macro Assembler    Page 2 


   18 00000000 00000000 
                       CFGBL   EQU              0x0000      ; GPIOBÈÖçÁΩÆÔºöPB0
                                                            --Ê®°ÊãüËæìÂÖ•
   19 00000000         
   20 00000000 40021018 
                       RCC_APB2ENR
                               EQU              0x40021018
   21 00000000 00000004 
                       GIOPAEN EQU              0x00000004  ; GPIOA ‰ΩøËÉΩ‰Ωç
   22 00000000 00000008 
                       GIOPBEN EQU              0x00000008  ; GPIOB ‰ΩøËÉΩ‰Ωç
   23 00000000 00000001 
                       AFIOEN  EQU              0x00000001  ; AFIO Êó∂Èíü‰ΩøËÉΩ
                                                            ‰Ωç
   24 00000000 00000200 
                       ADC1EN  EQU              0x00000200  ; ADC1 ‰ΩøËÉΩ‰Ωç
   25 00000000 0000020D 
                       APB2ENALL
                               EQU              GIOPAEN :OR: GIOPBEN :OR: ADC1E
N :OR: AFIOEN
   26 00000000         
   27 00000000 40012400 
                       ADC1_BASE
                               EQU              0x40012400
   28 00000000 40012400 
                       ADC1_SR EQU              ADC1_BASE+0x00
   29 00000000 40012404 
                       ADC1_CR1
                               EQU              ADC1_BASE+0x04
   30 00000000 40012408 
                       ADC1_CR2
                               EQU              ADC1_BASE+0x08
   31 00000000 4001240C 
                       ADC1_SMPR1
                               EQU              ADC1_BASE+0x0c
   32 00000000 40012410 
                       ADC1_SMPR2
                               EQU              ADC1_BASE+0x10
   33 00000000 4001242C 
                       ADC1_SQR1
                               EQU              ADC1_BASE+0x2c
   34 00000000 40012434 
                       ADC1_SQR3
                               EQU              ADC1_BASE+0x34
   35 00000000 4001244C 
                       ADC1_DR EQU              ADC1_BASE+0x4c
   36 00000000         
   37 00000000 E000E100 
                       ISER_ADC1_2
                               EQU              0xe000e100
   38 00000000 00040000 
                       ADC1_2_ITEN
                               EQU              0x00040000
   39 00000000         
   40 00000000 00000001 
                       CLEAR   EQU              0x01
   41 00000000 00000002 
                       RESETCUR
                               EQU              0x02



ARM Macro Assembler    Page 3 


   42 00000000 00000006 
                       INMODE  EQU              0x06
   43 00000000 0000000C 
                       DISPON  EQU              0x0c
   44 00000000 00000038 
                       DISPMODE
                               EQU              0x38
   45 00000000 00000040 
                       DEFSYM  EQU              0x40
   46 00000000 000000C0 
                       CRLF    EQU              0xc0
   47 00000000 00000200 
                       WRTSYM  EQU              0x0200
   48 00000000 00000230 
                       WRTDIGIT
                               EQU              0x0230
   49 00000000 00000241 
                       WRTLETTER
                               EQU              0x0241
   50 00000000 0000022E 
                       WRTDOT  EQU              0x022e
   51 00000000 00000220 
                       WRTSPACE
                               EQU              0x0220
   52 00000000         
   53 00000000 00000210 
                       DIGREE1 EQU              0X0210
   54 00000000 00000206 
                       DIGREE2 EQU              0X0206
   55 00000000 00000209 
                       DIGREE3 EQU              0X0209
   56 00000000 00000208 
                       DIGREE4 EQU              0X0208
   57 00000000 00000208 
                       DIGREE5 EQU              0X0208
   58 00000000 00000209 
                       DIGREE6 EQU              0X0209
   59 00000000 00000206 
                       DIGREE7 EQU              0X0206
   60 00000000 00000200 
                       DIGREE8 EQU              0X0200
   61 00000000 00000058 
                       ROW     EQU              0X58
   62 00000000         
   63 00000000         ;Ê∏©Â∫¶ÂØπÂ∫îÁöÑÁîµÂéãÂÄº
   64 00000000 0000059A 
                       ADC10   EQU              0x059A
   65 00000000 0000059E 
                       ADC11   EQU              0x059E
   66 00000000 000005AF 
                       ADC12   EQU              0x05AF
   67 00000000 000005CA 
                       ADC13   EQU              0x05CA
   68 00000000 000005EE 
                       ADC14   EQU              0x05EE
   69 00000000 00000617 
                       ADC15   EQU              0x0617
   70 00000000 00000644 
                       ADC16   EQU              0x0644



ARM Macro Assembler    Page 4 


   71 00000000 00000674 
                       ADC17   EQU              0x0674
   72 00000000 000006A7 
                       ADC18   EQU              0x06A7
   73 00000000 000006DA 
                       ADC19   EQU              0x06DA
   74 00000000 0000070D 
                       ADC20   EQU              0x070D
   75 00000000 00000740 
                       ADC21   EQU              0x0740
   76 00000000 00000772 
                       ADC22   EQU              0x0772
   77 00000000 000007A3 
                       ADC23   EQU              0x07A3
   78 00000000 000007D2 
                       ADC24   EQU              0x07D2
   79 00000000 00000800 
                       ADC25   EQU              0x0800
   80 00000000 0000082C 
                       ADC26   EQU              0x082C
   81 00000000 00000857 
                       ADC27   EQU              0x0857
   82 00000000 00000881 
                       ADC28   EQU              0x0881
   83 00000000 000008A9 
                       ADC29   EQU              0x08A9
   84 00000000         
   85 00000000 20002000 
                       STACK_TOP
                               EQU              0X20002000
   86 00000000                 AREA             RESET,CODE,READONLY ; AREA‰∏çËÉ
                                                            ΩÈ°∂Ê†ºÂÜô
   87 00000000 20002000        DCD              STACK_TOP   ; MSP‰∏ªÂ†ÜÊ†àÊåáÈí
                                                            à
   88 00000004 00000000        DCD              START       ; Â§ç‰ΩçÔºåPCÂàùÂßã
                                                            ÂÄº 
   89 00000008 00 00 00 
              00 00 00 
              00 00 00 
              00 00 00 
              00 00 00 
              00 00 00 
              00 00 00 
              00 00 00 
              00 00 00 
              00 00 00 
              00 00 00 
              00 00 00 
              00 00 00 
              00 00 00 
              00 00 00 
              00 00 00 
              00 00 00 
              00 00 00 
              00 00 00 
              00 00 00 
              00 00 00 
              00 00 00 
              00 00 00 



ARM Macro Assembler    Page 5 


              00 00 00 
              00 00 00 
              00 00 00 
              00 00 00 
              00 00 00 
              00 00 00 
              00 00 00 
              00 00 00 
              00 00 00 
              00 00 00 
              00 00 00 
              00 00 00 
              00 00 00 
              00 00 00 
              00 00 00 
              00 00 00 
              00 00 00 
              00 00 00 
              00 00 00 
              00 00            SPACE            0X88-8
   90 00000088 00000000        DCD              ADC1_2IRHANDLER
   91 0000008C                 ENTRY                        ; ÊåáÁ§∫ÂºÄÂßãÊâßË°
                                                            å,Êúâ‰∫ÜCÊñá‰ª∂ÔºåE
                                                            NTRYÊ≥®ÈáäÊéâ
   92 0000008C         START                                ; ÊâÄÊúâÁöÑÊ†áÂè∑Âø
                                                            ÖÈ°ªÈ°∂Ê†ºÂÜôÔºå‰∏î
                                                            Êó†ÂÜíÂè∑
   93 0000008C         
   94 0000008C F000 F95C       BL               RCC_CONFIG_72MHZ
   95 00000090 F000 F938       BL               InitComp
   96 00000094 F000 F8AB       BL               LedDefDegSym
   97 00000098 F000 F8FC       BL               InitLed
   98 0000009C         
   99 0000009C F04F 0001       MOV              R0, #1
  100 000000A0 49C2            LDR              R1, =ADC1_CR2
  101 000000A2 6008            STR              R0, [R1]
  102 000000A4         
  103 000000A4         LOOP
  104 000000A4 E7FE            B                LOOP
  105 000000A6         
  106 000000A6         ADC1_2IRHANDLER
  107 000000A6 B50F            PUSH             {R0,R1,R2,R3,LR}
  108 000000A8 49C1            LDR              R1, =ADC1_DR
  109 000000AA 6808            LDR              R0, [R1]
  110 000000AC         
  111 000000AC F240 519A       LDR              R1,=ADC10
  112 000000B0 4288            CMP              R0,R1
  113 000000B2 BFBC            ITT              LT
  114 000000B4 2000            MOVLT            R0,#0
  115 000000B6 E071            BLT              ShowLED1
  116 000000B8         
  117 000000B8 F240 519E       LDR              R1,=ADC11
  118 000000BC 4288            CMP              R0,R1
  119 000000BE BFBC            ITT              LT
  120 000000C0 2001            MOVLT            R0,#1
  121 000000C2 E06B            BLT              ShowLED1
  122 000000C4         
  123 000000C4 F240 51AF       LDR              R1,=ADC12
  124 000000C8 4288            CMP              R0,R1



ARM Macro Assembler    Page 6 


  125 000000CA BFBC            ITT              LT
  126 000000CC 2002            MOVLT            R0,#2
  127 000000CE E065            BLT              ShowLED1
  128 000000D0         
  129 000000D0 F240 51CA       LDR              R1,=ADC13
  130 000000D4 4288            CMP              R0,R1
  131 000000D6 BFBC            ITT              LT
  132 000000D8 2003            MOVLT            R0,#3
  133 000000DA E05F            BLT              ShowLED1
  134 000000DC         
  135 000000DC F240 51EE       LDR              R1,=ADC14
  136 000000E0 4288            CMP              R0,R1
  137 000000E2 BFBC            ITT              LT
  138 000000E4 2004            MOVLT            R0,#4
  139 000000E6 E059            BLT              ShowLED1
  140 000000E8         
  141 000000E8 F240 6117       LDR              R1,=ADC15
  142 000000EC 4288            CMP              R0,R1
  143 000000EE BFBC            ITT              LT
  144 000000F0 2005            MOVLT            R0,#5
  145 000000F2 E053            BLT              ShowLED1
  146 000000F4         
  147 000000F4 F240 6144       LDR              R1,=ADC16
  148 000000F8 4288            CMP              R0,R1
  149 000000FA BFBC            ITT              LT
  150 000000FC 2006            MOVLT            R0,#6
  151 000000FE E04D            BLT              ShowLED1
  152 00000100         
  153 00000100 F240 6174       LDR              R1,=ADC17
  154 00000104 4288            CMP              R0,R1
  155 00000106 BFBC            ITT              LT
  156 00000108 2007            MOVLT            R0,#7
  157 0000010A E047            BLT              ShowLED1
  158 0000010C         
  159 0000010C F240 61A7       LDR              R1,=ADC18
  160 00000110 4288            CMP              R0,R1
  161 00000112 BFBC            ITT              LT
  162 00000114 2008            MOVLT            R0,#8
  163 00000116 E041            BLT              ShowLED1
  164 00000118         
  165 00000118 F240 61DA       LDR              R1,=ADC19
  166 0000011C 4288            CMP              R0,R1
  167 0000011E BFBC            ITT              LT
  168 00000120 2009            MOVLT            R0,#9
  169 00000122 E03B            BLT              ShowLED1
  170 00000124         
  171 00000124 F240 710D       LDR              R1,=ADC20
  172 00000128 4288            CMP              R0,R1
  173 0000012A BFBC            ITT              LT
  174 0000012C 2000            MOVLT            R0,#0
  175 0000012E E03E            BLT              ShowLED2
  176 00000130         
  177 00000130 F44F 61E8       LDR              R1,=ADC21
  178 00000134 4288            CMP              R0,R1
  179 00000136 BFBC            ITT              LT
  180 00000138 2001            MOVLT            R0,#1
  181 0000013A E038            BLT              ShowLED2
  182 0000013C         
  183 0000013C F240 7172       LDR              R1,=ADC22



ARM Macro Assembler    Page 7 


  184 00000140 4288            CMP              R0,R1
  185 00000142 BFBC            ITT              LT
  186 00000144 2002            MOVLT            R0,#2
  187 00000146 E032            BLT              ShowLED2
  188 00000148         
  189 00000148 F240 71A3       LDR              R1,=ADC23
  190 0000014C 4288            CMP              R0,R1
  191 0000014E BFBC            ITT              LT
  192 00000150 2003            MOVLT            R0,#3
  193 00000152 E02C            BLT              ShowLED2
  194 00000154         
  195 00000154 F240 71D2       LDR              R1,=ADC24
  196 00000158 4288            CMP              R0,R1
  197 0000015A BFBC            ITT              LT
  198 0000015C 2004            MOVLT            R0,#4
  199 0000015E E026            BLT              ShowLED2
  200 00000160         
  201 00000160 F44F 6100       LDR              R1,=ADC25
  202 00000164 4288            CMP              R0,R1
  203 00000166 BFBC            ITT              LT
  204 00000168 2005            MOVLT            R0,#5
  205 0000016A E020            BLT              ShowLED2
  206 0000016C         
  207 0000016C         
  208 0000016C F640 012C       LDR              R1,=ADC26
  209 00000170 4288            CMP              R0,R1
  210 00000172 BFBC            ITT              LT
  211 00000174 2006            MOVLT            R0,#6
  212 00000176 E01A            BLT              ShowLED2
  213 00000178         
  214 00000178 F640 0157       LDR              R1,=ADC27
  215 0000017C 4288            CMP              R0,R1
  216 0000017E BFBC            ITT              LT
  217 00000180 2007            MOVLT            R0,#7
  218 00000182 E014            BLT              ShowLED2
  219 00000184         
  220 00000184 F640 0181       LDR              R1,=ADC28
  221 00000188 4288            CMP              R0,R1
  222 0000018A BFBC            ITT              LT
  223 0000018C 2008            MOVLT            R0,#8
  224 0000018E E00E            BLT              ShowLED2
  225 00000190         
  226 00000190 F640 01A9       LDR              R1,=ADC29
  227 00000194 4288            CMP              R0,R1
  228 00000196 BFBC            ITT              LT
  229 00000198 2009            MOVLT            R0,#9
  230 0000019A E008            BLT              ShowLED2
  231 0000019C         
  232 0000019C         ShowLED1
  233 0000019C 4985            LDR              R1, =GPIOA_ODR
  234 0000019E F44F 730C       MOV              R3, #WRTDIGIT
  235 000001A2         
  236 000001A2 F103 0201       ADD              R2,R3,#1
  237 000001A6 600A            STR              R2,[R1]
  238 000001A8 F000 F890       BL               ExcCmd
  239 000001AC E008            B                LEFT_DIG
  240 000001AE         
  241 000001AE         ShowLED2
  242 000001AE 4981            LDR              R1, =GPIOA_ODR



ARM Macro Assembler    Page 8 


  243 000001B0 F44F 730C       MOV              R3, #WRTDIGIT
  244 000001B4         
  245 000001B4 F103 0202       ADD              R2,R3,#2
  246 000001B8 600A            STR              R2,[R1]
  247 000001BA F000 F887       BL               ExcCmd
  248 000001BE E7FF            B                LEFT_DIG
  249 000001C0         
  250 000001C0         LEFT_DIG
  251 000001C0 497C            LDR              R1, =GPIOA_ODR
  252 000001C2 F44F 730C       MOV              R3,#WRTDIGIT
  253 000001C6         
  254 000001C6 EB03 0200       ADD              R2,R3,R0
  255 000001CA 600A            STR              R2,[R1]
  256 000001CC F000 F87E       BL               ExcCmd
  257 000001D0         
  258 000001D0 F240 2203       MOV              R2,#0x0203
  259 000001D4 600A            STR              R2,[R1]
  260 000001D6 F000 F879       BL               ExcCmd
  261 000001DA         
  262 000001DA F04F 02C0       MOV              R2, #CRLF
  263 000001DE 600A            STR              R2, [R1]
  264 000001E0 F000 F874       BL               ExcCmd
  265 000001E4         
  266 000001E4 4974            LDR              R1,=ADC1_SR
  267 000001E6 F04F 0000       MOV              R0,#0
  268 000001EA 6008            STR              R0,[R1]
  269 000001EC         
  270 000001EC BD0F            POP              {R0,R1,R2,R3,PC}
  271 000001EE         
  272 000001EE         LedDefDegSym
  273 000001EE B50F            PUSH{R0,R1,R2,R3,LR}
  274 000001F0 4970            LDR              R1,=GPIOA_ODR
  275 000001F2         
  276 000001F2 F04F 0058       MOV              R0,#ROW
  277 000001F6 6008            STR              R0,[R1]
  278 000001F8 F000 F868       BL               ExcCmd
  279 000001FC         
  280 000001FC F44F 7204       MOV              R2,#DIGREE1
  281 00000200 600A            STR              R2,[R1]
  282 00000202 F000 F863       BL               ExcCmd
  283 00000206         
  284 00000206 F100 0001       ADD              R0,R0,#1
  285 0000020A 6008            STR              R0,[R1]
  286 0000020C F000 F85E       BL               ExcCmd
  287 00000210         
  288 00000210 F240 2206       MOV              R2,#DIGREE2
  289 00000214 600A            STR              R2,[R1]
  290 00000216 F000 F859       BL               ExcCmd
  291 0000021A         
  292 0000021A F100 0001       ADD              R0,R0,#1
  293 0000021E 6008            STR              R0,[R1]
  294 00000220 F000 F854       BL               ExcCmd
  295 00000224         
  296 00000224 F240 2209       MOV              R2,#DIGREE3
  297 00000228 600A            STR              R2,[R1]
  298 0000022A F000 F84F       BL               ExcCmd
  299 0000022E         
  300 0000022E F100 0001       ADD              R0,R0,#1
  301 00000232 6008            STR              R0,[R1]



ARM Macro Assembler    Page 9 


  302 00000234 F000 F84A       BL               ExcCmd
  303 00000238         
  304 00000238 F44F 7202       MOV              R2,#DIGREE4
  305 0000023C 600A            STR              R2,[R1]
  306 0000023E F000 F845       BL               ExcCmd
  307 00000242         
  308 00000242 F100 0001       ADD              R0,R0,#1
  309 00000246 6008            STR              R0,[R1]
  310 00000248 F000 F840       BL               ExcCmd
  311 0000024C         
  312 0000024C F44F 7202       MOV              R2,#DIGREE5
  313 00000250 600A            STR              R2,[R1]
  314 00000252 F000 F83B       BL               ExcCmd
  315 00000256         
  316 00000256 F100 0001       ADD              R0,R0,#1
  317 0000025A 6008            STR              R0,[R1]
  318 0000025C F000 F836       BL               ExcCmd
  319 00000260         
  320 00000260         
  321 00000260 F240 2209       MOV              R2,#DIGREE6
  322 00000264 600A            STR              R2,[R1]
  323 00000266 F000 F831       BL               ExcCmd
  324 0000026A         
  325 0000026A F100 0001       ADD              R0,R0,#1
  326 0000026E 6008            STR              R0,[R1]
  327 00000270 F000 F82C       BL               ExcCmd
  328 00000274         
  329 00000274         
  330 00000274 F240 2206       MOV              R2,#DIGREE7
  331 00000278 600A            STR              R2,[R1]
  332 0000027A F000 F827       BL               ExcCmd
  333 0000027E         
  334 0000027E F100 0001       ADD              R0,R0,#1
  335 00000282 6008            STR              R0,[R1]
  336 00000284 F000 F822       BL               ExcCmd
  337 00000288         
  338 00000288 F44F 7200       MOV              R2,#DIGREE8
  339 0000028C 600A            STR              R2,[R1]
  340 0000028E F000 F81D       BL               ExcCmd
  341 00000292 BD0F            POP{R0,R1,R2,R3,PC}
  342 00000294         
  343 00000294         InitLed
  344 00000294 B503            PUSH             {R0, R1, LR}
  345 00000296 4947            LDR              R1, =GPIOA_ODR
  346 00000298         
  347 00000298 F04F 0038       MOV              R0, #DISPMODE
  348 0000029C 6008            STR              R0, [R1]
  349 0000029E F000 F815       BL               ExcCmd
  350 000002A2         
  351 000002A2 F04F 000C       MOV              R0, #DISPON
  352 000002A6 6008            STR              R0, [R1]
  353 000002A8 F000 F810       BL               ExcCmd
  354 000002AC         
  355 000002AC F04F 0006       MOV              R0, #INMODE
  356 000002B0 6008            STR              R0, [R1]
  357 000002B2 F000 F80B       BL               ExcCmd
  358 000002B6         
  359 000002B6 F04F 0001       MOV              R0, #CLEAR
  360 000002BA 6008            STR              R0, [R1]



ARM Macro Assembler    Page 10 


  361 000002BC F000 F806       BL               ExcCmd
  362 000002C0         
  363 000002C0 F04F 0002       MOV              R0, #RESETCUR
  364 000002C4 6008            STR              R0, [R1]
  365 000002C6 F000 F801       BL               ExcCmd
  366 000002CA         
  367 000002CA BD03            POP              {R0, R1, PC}
  368 000002CC         
  369 000002CC         ExcCmd
  370 000002CC B503            PUSH             {R0, R1, LR}
  371 000002CE         
  372 000002CE 493B            LDR              R1, =GPIOA_BSRR
  373 000002D0 F44F 6080       MOV              R0, #0x00000400
  374 000002D4 6008            STR              R0, [R1]
  375 000002D6 F04F 6080       MOV              R0, #0x04000000
  376 000002DA 6008            STR              R0, [R1]
  377 000002DC F000 F801       BL               Delay
  378 000002E0         
  379 000002E0 BD03            POP              {R0, R1, PC}
  380 000002E2         
  381 000002E2         Delay
  382 000002E2 B507            PUSH             {R0,R1,R2,LR}
  383 000002E4         
  384 000002E4 2000            MOVS             R0,#0
  385 000002E6 2100            MOVS             R1,#0
  386 000002E8 2200            MOVS             R2,#0
  387 000002EA         
  388 000002EA         DelayLoop0
  389 000002EA 3001            ADDS             R0,#1
  390 000002EC         
  391 000002EC 2821            CMP              R0,#33
  392 000002EE D3FC            BCC              DelayLoop0
  393 000002F0         
  394 000002F0 2000            MOVS             R0,#0
  395 000002F2 3101            ADDS             R1,#1
  396 000002F4 2921            CMP              R1,#33
  397 000002F6 D3F8            BCC              DelayLoop0
  398 000002F8         
  399 000002F8 2000            MOVS             R0,#0
  400 000002FA 2100            MOVS             R1,#0
  401 000002FC 3201            ADDS             R2,#1
  402 000002FE 2A1E            CMP              R2,#30
  403 00000300 D3F3            BCC              DelayLoop0
  404 00000302         
  405 00000302 BD07            POP              {R0,R1,R2,PC}
  406 00000304         
  407 00000304         
  408 00000304         InitComp
  409 00000304 B503            PUSH             {R0, R1, LR}
  410 00000306         
  411 00000306         ; ËÆæÁΩÆRCCÁöÑAPB2‰ΩøËÉΩÂØÑÂ≠òÂô®ÔºåÂêØÂä® GPIOA„ÄÅGPIOB
                       „ÄÅAFIO„ÄÅADC1 ÈÉ®‰ª∂
  412 00000306 492E            LDR              R1, =RCC_APB2ENR ; 0X4002101C
  413 00000308 F240 200D       LDR              R0, =APB2ENALL
  414 0000030C 6008            STR              R0, [R1]    ; ‰ΩøËÉΩ GPIOA, GPI
                                                            OB, AFIO, ADC1
  415 0000030E         
  416 0000030E         ; ËÆæÁΩÆ GPIOA ÈÖçÁΩÆÂØÑÂ≠òÂô®Ôºå‰ª§ PA0~PA10 ËÆæÁΩÆ‰∏∫Ê
                       é®ÊåΩËæìÂá∫(50MHz)



ARM Macro Assembler    Page 11 


  417 0000030E F04F 3033       MOV              R0, #CFGAL
  418 00000312 492C            LDR              R1, =GPIOA_CRL
  419 00000314 6008            STR              R0, [R1]
  420 00000316 F240 3033       LDR              R0, =CFGAH
  421 0000031A 492B            LDR              R1, =GPIOA_CRH
  422 0000031C 6008            STR              R0, [R1]
  423 0000031E         
  424 0000031E         ;ËÆæÁΩÆGPIOB‰ΩéÈÖçÁΩÆÂØÑÂ≠òÂô®ÔºöPB0 Ê®°ÊãüËæìÂÖ•
  425 0000031E F04F 0000       MOV              R0, #CFGBL
  426 00000322 492A            LDR              R1, =GPIOB_CRL
  427 00000324 6008            STR              R0, [R1]
  428 00000326         
  429 00000326 F44F 2080       MOV              R0, #ADC1_2_ITEN
  430 0000032A 4929            LDR              R1, =ISER_ADC1_2 ;0xE000E100
  431 0000032C 6008            STR              R0, [R1]
  432 0000032E         
  433 0000032E         ; ÂàùÂßãÂåñ adcÔºöÈªòËÆ§Áã¨Á´ãÊ®°Âºè„ÄÅÁ¶ÅÊ≠¢Êâ´ÊèèËøûÁª
                       ≠ËΩ¨Êç¢„ÄÅËΩØ‰ª∂ÂºÄÂêØËΩ¨Êç¢Âè≥ÂØπÈΩê„ÄÅ1‰∏™ËßÑÂàôËΩ¨Êç¢
                       ÈÄöÈÅì
  434 0000032E F04F 0008       MOV              R0, #8
  435 00000332 4928            LDR              R1, =ADC1_SQR3
  436 00000334 6008            STR              R0, [R1]
  437 00000336 4928            LDR              R1, =ADC1_CR1
  438 00000338 F04F 0020       MOV              R0, #0x20
  439 0000033C 6008            STR              R0, [R1]
  440 0000033E F04F 0001       MOV              R0, #0x1
  441 00000342 491A            LDR              R1, =ADC1_CR2
  442 00000344 6008            STR              R0, [R1]
  443 00000346         
  444 00000346 BD03            POP              {R0, R1, PC}
  445 00000348         
  446 00000348         
  447 00000348         ;;;;;;;;;;;;;;;;;;;;;;;;;;;;;;;;;;;;;;;;;
  448 00000348         ;;;RCC  Êó∂ÈíüÈÖçÁΩÆ HCLK=72MHz=HSE*9
  449 00000348         ;;;PCLK2=HCLK  PCLK1=HCLK/2
  450 00000348         ;;;;;;;;;;;;;;;;;;;;;;;;;;;;;;;;;;;;;;;;;
  451 00000348         RCC_CONFIG_72MHZ
  452 00000348 4924            LDR              R1,=0X40021000 ;RCC_CR
  453 0000034A 6808            LDR              R0,[R1]
  454 0000034C F44F 3280       LDR              R2,=0X00010000 ;HSEON
  455 00000350 EA40 0002       ORR              R0,R2
  456 00000354 6008            STR              R0,[R1]
  457 00000356         WAIT_HSE_RDY
  458 00000356 F44F 3200       LDR              R2,=0X00020000 ;HSERDY
  459 0000035A 6808            LDR              R0,[R1]
  460 0000035C 4010            ANDS             R0,R2
  461 0000035E 2800            CMP              R0,#0
  462 00000360 D0F9            BEQ              WAIT_HSE_RDY
  463 00000362 491F            LDR              R1,=0X40022000 ;FLASH_ACR
  464 00000364 F04F 0012       MOV              R0,#0X12
  465 00000368 6008            STR              R0,[R1]
  466 0000036A 491E            LDR              R1,=0X40021004 ;RCC_CFGRÊó∂ÈíüÈ
                                                            ÖçÁΩÆÂØÑÂ≠òÂô®
  467 0000036C 6808            LDR              R0,[R1]
  468 0000036E         ;PLLÂÄçÈ¢ëÁ≥ªÊï∞,PCLK2,PCLK1ÂàÜÈ¢ëËÆæÁΩÆ
  469 0000036E         ;HSE 9ÂÄçÈ¢ëPCLK2=HCLK,PCLK1=HCLK/2
  470 0000036E         ;HCLK=72MHz 0x001D0400
  471 0000036E         ;HCLK=64MHz 0x00190400
  472 0000036E         ;HCLK=48MHz 0x00110400



ARM Macro Assembler    Page 12 


  473 0000036E         ;HCLK=32MHz 0x00090400
  474 0000036E         ;HCLK=24MHz 0x00050400
  475 0000036E         ;HCLK=16MHz 0x00010400
  476 0000036E 4A1E            LDR              R2,=0x001D0400
  477 00000370 EA40 0002       ORR              R0,R2
  478 00000374 6008            STR              R0,[R1]
  479 00000376 4919            LDR              R1,=0X40021000 ;RCC_CR
  480 00000378 6808            LDR              R0,[R1]
  481 0000037A F04F 7280       LDR              R2,=0X01000000 ;PLLON
  482 0000037E EA40 0002       ORR              R0,R2
  483 00000382 6008            STR              R0,[R1]
  484 00000384         WAIT_PLL_RDY
  485 00000384 F04F 7200       LDR              R2,=0X02000000 ;PLLRDY
  486 00000388 6808            LDR              R0,[R1]
  487 0000038A 4010            ANDS             R0,R2
  488 0000038C 2800            CMP              R0,#0
  489 0000038E D0F9            BEQ              WAIT_PLL_RDY
  490 00000390 4914            LDR              R1,=0X40021004 ;RCC_CFGR
  491 00000392 6808            LDR              R0,[R1]
  492 00000394 F24C 0202       MOV              R2,#0Xc002  ; ÈÖçÁΩÆ ADC È¢ÑÂàÜ
                                                            È¢ëÂô®
  493 00000398 EA40 0002       ORR              R0,R2
  494 0000039C 6008            STR              R0,[R1]
  495 0000039E         WAIT_HCLK_USEPLL
  496 0000039E 6808            LDR              R0,[R1]
  497 000003A0 F010 0008       ANDS             R0,#0X08
  498 000003A4 2808            CMP              R0,#0X08
  499 000003A6 D1FA            BNE              WAIT_HCLK_USEPLL
  500 000003A8 4770            BX               LR
  501 000003AA         
  502 000003AA         END
                       
              00 00 40012408 
              4001244C 
              4001080C 
              40012400 
              40010810 
              40021018 
              40010800 
              40010804 
              40010C00 
              E000E100 
              40012434 
              40012404 
              40021000 
              40022000 
              40021004 
              001D0400 
Command Line: --debug --xref --diag_suppress=9931 --cpu=Cortex-M3 --apcs=interw
ork --depend=.\objects\startup_stm32f10x_md.d -o.\objects\startup_stm32f10x_md.
o -I.\RTE\_Target_1 -I"D:\arm os\ARM\PACK\Keil\STM32F1xx_DFP\2.3.0\Device\Inclu
de" -I"D:\arm os\ARM\CMSIS\Include" --predefine="__UVISION_VERSION SETA 525" --
predefine="STM32F10X_MD SETA 1" --list=.\listings\startup_stm32f10x_md.lst ..\S
TART\startup_stm32f10x_md.s



ARM Macro Assembler    Page 1 Alphabetic symbol ordering
Relocatable symbols

ADC1_2IRHANDLER 000000A6

Symbol: ADC1_2IRHANDLER
   Definitions
      At line 106 in file ..\START\startup_stm32f10x_md.s
   Uses
      At line 90 in file ..\START\startup_stm32f10x_md.s
Comment: ADC1_2IRHANDLER used once
Delay 000002E2

Symbol: Delay
   Definitions
      At line 381 in file ..\START\startup_stm32f10x_md.s
   Uses
      At line 377 in file ..\START\startup_stm32f10x_md.s
Comment: Delay used once
DelayLoop0 000002EA

Symbol: DelayLoop0
   Definitions
      At line 388 in file ..\START\startup_stm32f10x_md.s
   Uses
      At line 392 in file ..\START\startup_stm32f10x_md.s
      At line 397 in file ..\START\startup_stm32f10x_md.s
      At line 403 in file ..\START\startup_stm32f10x_md.s

END 000003AA

Symbol: END
   Definitions
      At line 502 in file ..\START\startup_stm32f10x_md.s
   Uses
      None
Comment: END unused
ExcCmd 000002CC

Symbol: ExcCmd
   Definitions
      At line 369 in file ..\START\startup_stm32f10x_md.s
   Uses
      At line 238 in file ..\START\startup_stm32f10x_md.s
      At line 247 in file ..\START\startup_stm32f10x_md.s
      At line 256 in file ..\START\startup_stm32f10x_md.s
      At line 260 in file ..\START\startup_stm32f10x_md.s
      At line 264 in file ..\START\startup_stm32f10x_md.s
      At line 278 in file ..\START\startup_stm32f10x_md.s
      At line 282 in file ..\START\startup_stm32f10x_md.s
      At line 286 in file ..\START\startup_stm32f10x_md.s
      At line 290 in file ..\START\startup_stm32f10x_md.s
      At line 294 in file ..\START\startup_stm32f10x_md.s
      At line 298 in file ..\START\startup_stm32f10x_md.s
      At line 302 in file ..\START\startup_stm32f10x_md.s
      At line 306 in file ..\START\startup_stm32f10x_md.s
      At line 310 in file ..\START\startup_stm32f10x_md.s
      At line 314 in file ..\START\startup_stm32f10x_md.s
      At line 318 in file ..\START\startup_stm32f10x_md.s
      At line 323 in file ..\START\startup_stm32f10x_md.s
      At line 327 in file ..\START\startup_stm32f10x_md.s
      At line 332 in file ..\START\startup_stm32f10x_md.s



ARM Macro Assembler    Page 2 Alphabetic symbol ordering
Relocatable symbols

      At line 336 in file ..\START\startup_stm32f10x_md.s
      At line 340 in file ..\START\startup_stm32f10x_md.s
      At line 349 in file ..\START\startup_stm32f10x_md.s
      At line 353 in file ..\START\startup_stm32f10x_md.s
      At line 357 in file ..\START\startup_stm32f10x_md.s
      At line 361 in file ..\START\startup_stm32f10x_md.s
      At line 365 in file ..\START\startup_stm32f10x_md.s

InitComp 00000304

Symbol: InitComp
   Definitions
      At line 408 in file ..\START\startup_stm32f10x_md.s
   Uses
      At line 95 in file ..\START\startup_stm32f10x_md.s
Comment: InitComp used once
InitLed 00000294

Symbol: InitLed
   Definitions
      At line 343 in file ..\START\startup_stm32f10x_md.s
   Uses
      At line 97 in file ..\START\startup_stm32f10x_md.s
Comment: InitLed used once
LEFT_DIG 000001C0

Symbol: LEFT_DIG
   Definitions
      At line 250 in file ..\START\startup_stm32f10x_md.s
   Uses
      At line 239 in file ..\START\startup_stm32f10x_md.s
      At line 248 in file ..\START\startup_stm32f10x_md.s

LOOP 000000A4

Symbol: LOOP
   Definitions
      At line 103 in file ..\START\startup_stm32f10x_md.s
   Uses
      At line 104 in file ..\START\startup_stm32f10x_md.s
Comment: LOOP used once
LedDefDegSym 000001EE

Symbol: LedDefDegSym
   Definitions
      At line 272 in file ..\START\startup_stm32f10x_md.s
   Uses
      At line 96 in file ..\START\startup_stm32f10x_md.s
Comment: LedDefDegSym used once
RCC_CONFIG_72MHZ 00000348

Symbol: RCC_CONFIG_72MHZ
   Definitions
      At line 451 in file ..\START\startup_stm32f10x_md.s
   Uses
      At line 94 in file ..\START\startup_stm32f10x_md.s
Comment: RCC_CONFIG_72MHZ used once
RESET 00000000




ARM Macro Assembler    Page 3 Alphabetic symbol ordering
Relocatable symbols

Symbol: RESET
   Definitions
      At line 86 in file ..\START\startup_stm32f10x_md.s
   Uses
      None
Comment: RESET unused
START 0000008C

Symbol: START
   Definitions
      At line 92 in file ..\START\startup_stm32f10x_md.s
   Uses
      At line 88 in file ..\START\startup_stm32f10x_md.s
Comment: START used once
ShowLED1 0000019C

Symbol: ShowLED1
   Definitions
      At line 232 in file ..\START\startup_stm32f10x_md.s
   Uses
      At line 115 in file ..\START\startup_stm32f10x_md.s
      At line 121 in file ..\START\startup_stm32f10x_md.s
      At line 127 in file ..\START\startup_stm32f10x_md.s
      At line 133 in file ..\START\startup_stm32f10x_md.s
      At line 139 in file ..\START\startup_stm32f10x_md.s
      At line 145 in file ..\START\startup_stm32f10x_md.s
      At line 151 in file ..\START\startup_stm32f10x_md.s
      At line 157 in file ..\START\startup_stm32f10x_md.s
      At line 163 in file ..\START\startup_stm32f10x_md.s
      At line 169 in file ..\START\startup_stm32f10x_md.s

ShowLED2 000001AE

Symbol: ShowLED2
   Definitions
      At line 241 in file ..\START\startup_stm32f10x_md.s
   Uses
      At line 175 in file ..\START\startup_stm32f10x_md.s
      At line 181 in file ..\START\startup_stm32f10x_md.s
      At line 187 in file ..\START\startup_stm32f10x_md.s
      At line 193 in file ..\START\startup_stm32f10x_md.s
      At line 199 in file ..\START\startup_stm32f10x_md.s
      At line 205 in file ..\START\startup_stm32f10x_md.s
      At line 212 in file ..\START\startup_stm32f10x_md.s
      At line 218 in file ..\START\startup_stm32f10x_md.s
      At line 224 in file ..\START\startup_stm32f10x_md.s
      At line 230 in file ..\START\startup_stm32f10x_md.s

WAIT_HCLK_USEPLL 0000039E

Symbol: WAIT_HCLK_USEPLL
   Definitions
      At line 495 in file ..\START\startup_stm32f10x_md.s
   Uses
      At line 499 in file ..\START\startup_stm32f10x_md.s
Comment: WAIT_HCLK_USEPLL used once
WAIT_HSE_RDY 00000356

Symbol: WAIT_HSE_RDY



ARM Macro Assembler    Page 4 Alphabetic symbol ordering
Relocatable symbols

   Definitions
      At line 457 in file ..\START\startup_stm32f10x_md.s
   Uses
      At line 462 in file ..\START\startup_stm32f10x_md.s
Comment: WAIT_HSE_RDY used once
WAIT_PLL_RDY 00000384

Symbol: WAIT_PLL_RDY
   Definitions
      At line 484 in file ..\START\startup_stm32f10x_md.s
   Uses
      At line 489 in file ..\START\startup_stm32f10x_md.s
Comment: WAIT_PLL_RDY used once
18 symbols



ARM Macro Assembler    Page 1 Alphabetic symbol ordering
Absolute symbols

ADC10 0000059A

Symbol: ADC10
   Definitions
      At line 64 in file ..\START\startup_stm32f10x_md.s
   Uses
      At line 111 in file ..\START\startup_stm32f10x_md.s
Comment: ADC10 used once
ADC11 0000059E

Symbol: ADC11
   Definitions
      At line 65 in file ..\START\startup_stm32f10x_md.s
   Uses
      At line 117 in file ..\START\startup_stm32f10x_md.s
Comment: ADC11 used once
ADC12 000005AF

Symbol: ADC12
   Definitions
      At line 66 in file ..\START\startup_stm32f10x_md.s
   Uses
      At line 123 in file ..\START\startup_stm32f10x_md.s
Comment: ADC12 used once
ADC13 000005CA

Symbol: ADC13
   Definitions
      At line 67 in file ..\START\startup_stm32f10x_md.s
   Uses
      At line 129 in file ..\START\startup_stm32f10x_md.s
Comment: ADC13 used once
ADC14 000005EE

Symbol: ADC14
   Definitions
      At line 68 in file ..\START\startup_stm32f10x_md.s
   Uses
      At line 135 in file ..\START\startup_stm32f10x_md.s
Comment: ADC14 used once
ADC15 00000617

Symbol: ADC15
   Definitions
      At line 69 in file ..\START\startup_stm32f10x_md.s
   Uses
      At line 141 in file ..\START\startup_stm32f10x_md.s
Comment: ADC15 used once
ADC16 00000644

Symbol: ADC16
   Definitions
      At line 70 in file ..\START\startup_stm32f10x_md.s
   Uses
      At line 147 in file ..\START\startup_stm32f10x_md.s
Comment: ADC16 used once
ADC17 00000674

Symbol: ADC17



ARM Macro Assembler    Page 2 Alphabetic symbol ordering
Absolute symbols

   Definitions
      At line 71 in file ..\START\startup_stm32f10x_md.s
   Uses
      At line 153 in file ..\START\startup_stm32f10x_md.s
Comment: ADC17 used once
ADC18 000006A7

Symbol: ADC18
   Definitions
      At line 72 in file ..\START\startup_stm32f10x_md.s
   Uses
      At line 159 in file ..\START\startup_stm32f10x_md.s
Comment: ADC18 used once
ADC19 000006DA

Symbol: ADC19
   Definitions
      At line 73 in file ..\START\startup_stm32f10x_md.s
   Uses
      At line 165 in file ..\START\startup_stm32f10x_md.s
Comment: ADC19 used once
ADC1EN 00000200

Symbol: ADC1EN
   Definitions
      At line 24 in file ..\START\startup_stm32f10x_md.s
   Uses
      At line 25 in file ..\START\startup_stm32f10x_md.s
Comment: ADC1EN used once
ADC1_2_ITEN 00040000

Symbol: ADC1_2_ITEN
   Definitions
      At line 38 in file ..\START\startup_stm32f10x_md.s
   Uses
      At line 429 in file ..\START\startup_stm32f10x_md.s
Comment: ADC1_2_ITEN used once
ADC1_BASE 40012400

Symbol: ADC1_BASE
   Definitions
      At line 27 in file ..\START\startup_stm32f10x_md.s
   Uses
      At line 28 in file ..\START\startup_stm32f10x_md.s
      At line 29 in file ..\START\startup_stm32f10x_md.s
      At line 30 in file ..\START\startup_stm32f10x_md.s
      At line 31 in file ..\START\startup_stm32f10x_md.s
      At line 32 in file ..\START\startup_stm32f10x_md.s
      At line 33 in file ..\START\startup_stm32f10x_md.s
      At line 34 in file ..\START\startup_stm32f10x_md.s
      At line 35 in file ..\START\startup_stm32f10x_md.s

ADC1_CR1 40012404

Symbol: ADC1_CR1
   Definitions
      At line 29 in file ..\START\startup_stm32f10x_md.s
   Uses
      At line 437 in file ..\START\startup_stm32f10x_md.s



ARM Macro Assembler    Page 3 Alphabetic symbol ordering
Absolute symbols

Comment: ADC1_CR1 used once
ADC1_CR2 40012408

Symbol: ADC1_CR2
   Definitions
      At line 30 in file ..\START\startup_stm32f10x_md.s
   Uses
      At line 100 in file ..\START\startup_stm32f10x_md.s
      At line 441 in file ..\START\startup_stm32f10x_md.s

ADC1_DR 4001244C

Symbol: ADC1_DR
   Definitions
      At line 35 in file ..\START\startup_stm32f10x_md.s
   Uses
      At line 108 in file ..\START\startup_stm32f10x_md.s
Comment: ADC1_DR used once
ADC1_SMPR1 4001240C

Symbol: ADC1_SMPR1
   Definitions
      At line 31 in file ..\START\startup_stm32f10x_md.s
   Uses
      None
Comment: ADC1_SMPR1 unused
ADC1_SMPR2 40012410

Symbol: ADC1_SMPR2
   Definitions
      At line 32 in file ..\START\startup_stm32f10x_md.s
   Uses
      None
Comment: ADC1_SMPR2 unused
ADC1_SQR1 4001242C

Symbol: ADC1_SQR1
   Definitions
      At line 33 in file ..\START\startup_stm32f10x_md.s
   Uses
      None
Comment: ADC1_SQR1 unused
ADC1_SQR3 40012434

Symbol: ADC1_SQR3
   Definitions
      At line 34 in file ..\START\startup_stm32f10x_md.s
   Uses
      At line 435 in file ..\START\startup_stm32f10x_md.s
Comment: ADC1_SQR3 used once
ADC1_SR 40012400

Symbol: ADC1_SR
   Definitions
      At line 28 in file ..\START\startup_stm32f10x_md.s
   Uses
      At line 266 in file ..\START\startup_stm32f10x_md.s
Comment: ADC1_SR used once
ADC20 0000070D



ARM Macro Assembler    Page 4 Alphabetic symbol ordering
Absolute symbols


Symbol: ADC20
   Definitions
      At line 74 in file ..\START\startup_stm32f10x_md.s
   Uses
      At line 171 in file ..\START\startup_stm32f10x_md.s
Comment: ADC20 used once
ADC21 00000740

Symbol: ADC21
   Definitions
      At line 75 in file ..\START\startup_stm32f10x_md.s
   Uses
      At line 177 in file ..\START\startup_stm32f10x_md.s
Comment: ADC21 used once
ADC22 00000772

Symbol: ADC22
   Definitions
      At line 76 in file ..\START\startup_stm32f10x_md.s
   Uses
      At line 183 in file ..\START\startup_stm32f10x_md.s
Comment: ADC22 used once
ADC23 000007A3

Symbol: ADC23
   Definitions
      At line 77 in file ..\START\startup_stm32f10x_md.s
   Uses
      At line 189 in file ..\START\startup_stm32f10x_md.s
Comment: ADC23 used once
ADC24 000007D2

Symbol: ADC24
   Definitions
      At line 78 in file ..\START\startup_stm32f10x_md.s
   Uses
      At line 195 in file ..\START\startup_stm32f10x_md.s
Comment: ADC24 used once
ADC25 00000800

Symbol: ADC25
   Definitions
      At line 79 in file ..\START\startup_stm32f10x_md.s
   Uses
      At line 201 in file ..\START\startup_stm32f10x_md.s
Comment: ADC25 used once
ADC26 0000082C

Symbol: ADC26
   Definitions
      At line 80 in file ..\START\startup_stm32f10x_md.s
   Uses
      At line 208 in file ..\START\startup_stm32f10x_md.s
Comment: ADC26 used once
ADC27 00000857

Symbol: ADC27
   Definitions



ARM Macro Assembler    Page 5 Alphabetic symbol ordering
Absolute symbols

      At line 81 in file ..\START\startup_stm32f10x_md.s
   Uses
      At line 214 in file ..\START\startup_stm32f10x_md.s
Comment: ADC27 used once
ADC28 00000881

Symbol: ADC28
   Definitions
      At line 82 in file ..\START\startup_stm32f10x_md.s
   Uses
      At line 220 in file ..\START\startup_stm32f10x_md.s
Comment: ADC28 used once
ADC29 000008A9

Symbol: ADC29
   Definitions
      At line 83 in file ..\START\startup_stm32f10x_md.s
   Uses
      At line 226 in file ..\START\startup_stm32f10x_md.s
Comment: ADC29 used once
AFIOEN 00000001

Symbol: AFIOEN
   Definitions
      At line 23 in file ..\START\startup_stm32f10x_md.s
   Uses
      At line 25 in file ..\START\startup_stm32f10x_md.s
Comment: AFIOEN used once
APB2ENALL 0000020D

Symbol: APB2ENALL
   Definitions
      At line 25 in file ..\START\startup_stm32f10x_md.s
   Uses
      At line 413 in file ..\START\startup_stm32f10x_md.s
Comment: APB2ENALL used once
CFGAH 00000333

Symbol: CFGAH
   Definitions
      At line 10 in file ..\START\startup_stm32f10x_md.s
   Uses
      At line 420 in file ..\START\startup_stm32f10x_md.s
Comment: CFGAH used once
CFGAL 33333333

Symbol: CFGAL
   Definitions
      At line 9 in file ..\START\startup_stm32f10x_md.s
   Uses
      At line 417 in file ..\START\startup_stm32f10x_md.s
Comment: CFGAL used once
CFGBL 00000000

Symbol: CFGBL
   Definitions
      At line 18 in file ..\START\startup_stm32f10x_md.s
   Uses
      At line 425 in file ..\START\startup_stm32f10x_md.s



ARM Macro Assembler    Page 6 Alphabetic symbol ordering
Absolute symbols

Comment: CFGBL used once
CLEAR 00000001

Symbol: CLEAR
   Definitions
      At line 40 in file ..\START\startup_stm32f10x_md.s
   Uses
      At line 359 in file ..\START\startup_stm32f10x_md.s
Comment: CLEAR used once
CRLF 000000C0

Symbol: CRLF
   Definitions
      At line 46 in file ..\START\startup_stm32f10x_md.s
   Uses
      At line 262 in file ..\START\startup_stm32f10x_md.s
Comment: CRLF used once
DEFSYM 00000040

Symbol: DEFSYM
   Definitions
      At line 45 in file ..\START\startup_stm32f10x_md.s
   Uses
      None
Comment: DEFSYM unused
DIGREE1 00000210

Symbol: DIGREE1
   Definitions
      At line 53 in file ..\START\startup_stm32f10x_md.s
   Uses
      At line 280 in file ..\START\startup_stm32f10x_md.s
Comment: DIGREE1 used once
DIGREE2 00000206

Symbol: DIGREE2
   Definitions
      At line 54 in file ..\START\startup_stm32f10x_md.s
   Uses
      At line 288 in file ..\START\startup_stm32f10x_md.s
Comment: DIGREE2 used once
DIGREE3 00000209

Symbol: DIGREE3
   Definitions
      At line 55 in file ..\START\startup_stm32f10x_md.s
   Uses
      At line 296 in file ..\START\startup_stm32f10x_md.s
Comment: DIGREE3 used once
DIGREE4 00000208

Symbol: DIGREE4
   Definitions
      At line 56 in file ..\START\startup_stm32f10x_md.s
   Uses
      At line 304 in file ..\START\startup_stm32f10x_md.s
Comment: DIGREE4 used once
DIGREE5 00000208




ARM Macro Assembler    Page 7 Alphabetic symbol ordering
Absolute symbols

Symbol: DIGREE5
   Definitions
      At line 57 in file ..\START\startup_stm32f10x_md.s
   Uses
      At line 312 in file ..\START\startup_stm32f10x_md.s
Comment: DIGREE5 used once
DIGREE6 00000209

Symbol: DIGREE6
   Definitions
      At line 58 in file ..\START\startup_stm32f10x_md.s
   Uses
      At line 321 in file ..\START\startup_stm32f10x_md.s
Comment: DIGREE6 used once
DIGREE7 00000206

Symbol: DIGREE7
   Definitions
      At line 59 in file ..\START\startup_stm32f10x_md.s
   Uses
      At line 330 in file ..\START\startup_stm32f10x_md.s
Comment: DIGREE7 used once
DIGREE8 00000200

Symbol: DIGREE8
   Definitions
      At line 60 in file ..\START\startup_stm32f10x_md.s
   Uses
      At line 338 in file ..\START\startup_stm32f10x_md.s
Comment: DIGREE8 used once
DISPMODE 00000038

Symbol: DISPMODE
   Definitions
      At line 44 in file ..\START\startup_stm32f10x_md.s
   Uses
      At line 347 in file ..\START\startup_stm32f10x_md.s
Comment: DISPMODE used once
DISPON 0000000C

Symbol: DISPON
   Definitions
      At line 43 in file ..\START\startup_stm32f10x_md.s
   Uses
      At line 351 in file ..\START\startup_stm32f10x_md.s
Comment: DISPON used once
GIOPAEN 00000004

Symbol: GIOPAEN
   Definitions
      At line 21 in file ..\START\startup_stm32f10x_md.s
   Uses
      At line 25 in file ..\START\startup_stm32f10x_md.s
Comment: GIOPAEN used once
GIOPBEN 00000008

Symbol: GIOPBEN
   Definitions
      At line 22 in file ..\START\startup_stm32f10x_md.s



ARM Macro Assembler    Page 8 Alphabetic symbol ordering
Absolute symbols

   Uses
      At line 25 in file ..\START\startup_stm32f10x_md.s
Comment: GIOPBEN used once
GPIOA_BASE 40010800

Symbol: GPIOA_BASE
   Definitions
      At line 1 in file ..\START\startup_stm32f10x_md.s
   Uses
      At line 2 in file ..\START\startup_stm32f10x_md.s
      At line 3 in file ..\START\startup_stm32f10x_md.s
      At line 4 in file ..\START\startup_stm32f10x_md.s
      At line 5 in file ..\START\startup_stm32f10x_md.s
      At line 6 in file ..\START\startup_stm32f10x_md.s
      At line 7 in file ..\START\startup_stm32f10x_md.s

GPIOA_BRR 40010814

Symbol: GPIOA_BRR
   Definitions
      At line 7 in file ..\START\startup_stm32f10x_md.s
   Uses
      None
Comment: GPIOA_BRR unused
GPIOA_BSRR 40010810

Symbol: GPIOA_BSRR
   Definitions
      At line 6 in file ..\START\startup_stm32f10x_md.s
   Uses
      At line 372 in file ..\START\startup_stm32f10x_md.s
Comment: GPIOA_BSRR used once
GPIOA_CRH 40010804

Symbol: GPIOA_CRH
   Definitions
      At line 3 in file ..\START\startup_stm32f10x_md.s
   Uses
      At line 421 in file ..\START\startup_stm32f10x_md.s
Comment: GPIOA_CRH used once
GPIOA_CRL 40010800

Symbol: GPIOA_CRL
   Definitions
      At line 2 in file ..\START\startup_stm32f10x_md.s
   Uses
      At line 418 in file ..\START\startup_stm32f10x_md.s
Comment: GPIOA_CRL used once
GPIOA_IDR 40010808

Symbol: GPIOA_IDR
   Definitions
      At line 4 in file ..\START\startup_stm32f10x_md.s
   Uses
      None
Comment: GPIOA_IDR unused
GPIOA_ODR 4001080C

Symbol: GPIOA_ODR



ARM Macro Assembler    Page 9 Alphabetic symbol ordering
Absolute symbols

   Definitions
      At line 5 in file ..\START\startup_stm32f10x_md.s
   Uses
      At line 233 in file ..\START\startup_stm32f10x_md.s
      At line 242 in file ..\START\startup_stm32f10x_md.s
      At line 251 in file ..\START\startup_stm32f10x_md.s
      At line 274 in file ..\START\startup_stm32f10x_md.s
      At line 345 in file ..\START\startup_stm32f10x_md.s

GPIOB_BASE 40010C00

Symbol: GPIOB_BASE
   Definitions
      At line 12 in file ..\START\startup_stm32f10x_md.s
   Uses
      At line 13 in file ..\START\startup_stm32f10x_md.s
      At line 14 in file ..\START\startup_stm32f10x_md.s
      At line 15 in file ..\START\startup_stm32f10x_md.s
      At line 16 in file ..\START\startup_stm32f10x_md.s
      At line 17 in file ..\START\startup_stm32f10x_md.s

GPIOB_BSRR 40010C10

Symbol: GPIOB_BSRR
   Definitions
      At line 17 in file ..\START\startup_stm32f10x_md.s
   Uses
      None
Comment: GPIOB_BSRR unused
GPIOB_CRH 40010C04

Symbol: GPIOB_CRH
   Definitions
      At line 14 in file ..\START\startup_stm32f10x_md.s
   Uses
      None
Comment: GPIOB_CRH unused
GPIOB_CRL 40010C00

Symbol: GPIOB_CRL
   Definitions
      At line 13 in file ..\START\startup_stm32f10x_md.s
   Uses
      At line 426 in file ..\START\startup_stm32f10x_md.s
Comment: GPIOB_CRL used once
GPIOB_IDR 40010C08

Symbol: GPIOB_IDR
   Definitions
      At line 15 in file ..\START\startup_stm32f10x_md.s
   Uses
      None
Comment: GPIOB_IDR unused
GPIOB_ODR 40010C0C

Symbol: GPIOB_ODR
   Definitions
      At line 16 in file ..\START\startup_stm32f10x_md.s
   Uses



ARM Macro Assembler    Page 10 Alphabetic symbol ordering
Absolute symbols

      None
Comment: GPIOB_ODR unused
INMODE 00000006

Symbol: INMODE
   Definitions
      At line 42 in file ..\START\startup_stm32f10x_md.s
   Uses
      At line 355 in file ..\START\startup_stm32f10x_md.s
Comment: INMODE used once
ISER_ADC1_2 E000E100

Symbol: ISER_ADC1_2
   Definitions
      At line 37 in file ..\START\startup_stm32f10x_md.s
   Uses
      At line 430 in file ..\START\startup_stm32f10x_md.s
Comment: ISER_ADC1_2 used once
RCC_APB2ENR 40021018

Symbol: RCC_APB2ENR
   Definitions
      At line 20 in file ..\START\startup_stm32f10x_md.s
   Uses
      At line 412 in file ..\START\startup_stm32f10x_md.s
Comment: RCC_APB2ENR used once
RESETCUR 00000002

Symbol: RESETCUR
   Definitions
      At line 41 in file ..\START\startup_stm32f10x_md.s
   Uses
      At line 363 in file ..\START\startup_stm32f10x_md.s
Comment: RESETCUR used once
ROW 00000058

Symbol: ROW
   Definitions
      At line 61 in file ..\START\startup_stm32f10x_md.s
   Uses
      At line 276 in file ..\START\startup_stm32f10x_md.s
Comment: ROW used once
STACK_TOP 20002000

Symbol: STACK_TOP
   Definitions
      At line 85 in file ..\START\startup_stm32f10x_md.s
   Uses
      At line 87 in file ..\START\startup_stm32f10x_md.s
Comment: STACK_TOP used once
WRTDIGIT 00000230

Symbol: WRTDIGIT
   Definitions
      At line 48 in file ..\START\startup_stm32f10x_md.s
   Uses
      At line 234 in file ..\START\startup_stm32f10x_md.s
      At line 243 in file ..\START\startup_stm32f10x_md.s
      At line 252 in file ..\START\startup_stm32f10x_md.s



ARM Macro Assembler    Page 11 Alphabetic symbol ordering
Absolute symbols


WRTDOT 0000022E

Symbol: WRTDOT
   Definitions
      At line 50 in file ..\START\startup_stm32f10x_md.s
   Uses
      None
Comment: WRTDOT unused
WRTLETTER 00000241

Symbol: WRTLETTER
   Definitions
      At line 49 in file ..\START\startup_stm32f10x_md.s
   Uses
      None
Comment: WRTLETTER unused
WRTSPACE 00000220

Symbol: WRTSPACE
   Definitions
      At line 51 in file ..\START\startup_stm32f10x_md.s
   Uses
      None
Comment: WRTSPACE unused
WRTSYM 00000200

Symbol: WRTSYM
   Definitions
      At line 47 in file ..\START\startup_stm32f10x_md.s
   Uses
      None
Comment: WRTSYM unused
75 symbols
427 symbols in table
