


ARM Macro Assembler    Page 1 


    1 00000000         ; ??????????, ????:
    2 00000000         ; ???????a~g?dp???PA0~7,??????1~4??PA8~11
    3 00000000         
    4 00000000 40010800 
                       GPIOA_BASE
                               EQU              0X40010800  ;GPIOA???
    5 00000000 40010800 
                       GPIOA_CRL
                               EQU              GPIOA_BASE  ;??????
    6 00000000 40010804 
                       GPIOA_CRH
                               EQU              GPIOA_BASE+4 ;??????
    7 00000000 4001080C 
                       GPIOA_ODR
                               EQU              GPIOA_BASE+0XC ;??,????0Ch
    8 00000000 40010810 
                       GPIOA_BSRR
                               EQU              GPIOA_BASE+0X10 ;???,???????10h
                                                            
    9 00000000 40010814 
                       GPIOA_BRR
                               EQU              GPIOA_BASE+0X14 ;??,????14h
   10 00000000         
   11 00000000 33333333 
                       CFGAL   EQU              0x33333333  ;PA0~7:  ????,50MHz
                                                            
   12 00000000 00003333 
                       CFGAH   EQU              0x00003333  ;PA8~11: ????,50MHz
                                                            
   13 00000000         
   14 00000000 40000000 
                       TIM2    EQU              0X40000000  ;TIM2???
   15 00000000 4000002C 
                       TIM2_ARR
                               EQU              TIM2+0X2C   ;???????
   16 00000000 40000028 
                       TIM2_PSC
                               EQU              TIM2+0X28   ;????
   17 00000000 4000000C 
                       TIM2_DIER
                               EQU              TIM2+0X0C   ;DMA/???????
   18 00000000 40000000 
                       TIM2_CR1
                               EQU              TIM2+0X00   ;?????1
   19 00000000 40000010 
                       TIM2_SR EQU              TIM2+0X10   ;?????
   20 00000000         
   21 00000000 40021018 
                       RCC_APB2ENR
                               EQU              0X40021018
   22 00000000 00000004 
                       GIOPAEN EQU              0X00000004  ;GPIOA???
   23 00000000 00000008 
                       GIOPBEN EQU              0X00000008  ;GPIOB???
   24 00000000 0000000C 
                       GIOPALLEN
                               EQU              GIOPAEN :OR: GIOPBEN
   25 00000000         
   26 00000000 4002101C 



ARM Macro Assembler    Page 2 


                       RCC_APB1ENR
                               EQU              0X4002101C
   27 00000000 00000001 
                       TIM2EN  EQU              0X00000001  ;TIM2???
   28 00000000         
   29 00000000 20002000 
                       STACK_TOP
                               EQU              0X20002000
   30 00000000         
   31 00000000                 AREA             MYDATA,DATA,READONLY 
                                                            ; AREA?????
   32 00000000 3F 06 5B 
              4F 66 6D 
              7D 07 7F 
              6F 00 00 CODES   DCB              0x3f,0x06,0x5b,0x4f,0x66,0x6d,0
x7d,0x07,0x7f,0x6f,0x00,0x00 
                                                            ; ???0~9???
   33 0000000C 07 0B 0D 
              0E       DIGITPOS
                               DCB              0x07,0x0b,0x0d,0x0e ; ????????:
                                                            ?0~3?????4????????,
                                                            ?0???,?????
   34 00000010         
   35 00000010                 AREA             MYDATA2,DATA,READWRITE ; AREA??
                                                            ???(RAM,??????0)
   36 00000000 00 00 00 
              00       DIGITS  DCB              0x00,0x00,0x00,0x00 
                                                            ; ?????4???,??0~9
   37 00000004 00      CURSELECT
                               DCB              0x00        ; ????????,??0~3
   38 00000005         
   39 00000005                 AREA             RESET,CODE,READONLY ; AREA?????
                                                            
   40 00000000 20002000        DCD              STACK_TOP   ; MSP?????
   41 00000004 00000000        DCD              START       ; ??,PC??? 
   42 00000008                 ENTRY                        ; ??????,??C??,ENTR
                                                            Y???
   43 00000008         START                                ; ??????????,????
   44 00000008         
   45 00000008 F7FF FFFE       BL               InitRamArea
   46 0000000C         
   47 0000000C         ; ??RCC?APB2?????,??GPIOA
   48 0000000C 493E            LDR              R1, =RCC_APB2ENR
   49 0000000E 6808            LDR              R0, [R1]
   50 00000010 F04F 0204       LDR              R2, =GIOPAEN
   51 00000014 EA40 0002       ORR              R0, R2
   52 00000018 6008            STR              R0, [R1]    ; ??GPIOA,GPIOB
   53 0000001A         
   54 0000001A         ; ??RCC?APB1?????,??TIM2??
   55 0000001A 493C            LDR              R1, =RCC_APB1ENR
   56 0000001C 6808            LDR              R0, [R1]
   57 0000001E F04F 0201       LDR              R2, =TIM2EN
   58 00000022 EA40 0002       ORR              R0, R2
   59 00000026 6008            STR              R0, [R1]
   60 00000028         
   61 00000028         ; ??GPIO?????,??GPIOA.2 PA0~PA11??????50MHz
   62 00000028 F04F 3033       MOV              R0, #CFGAL
   63 0000002C 4938            LDR              R1, =GPIOA_CRL
   64 0000002E 6008            STR              R0, [R1]



ARM Macro Assembler    Page 3 


   65 00000030 F243 3033       MOV              R0, #CFGAH
   66 00000034 4937            LDR              R1, =GPIOA_CRH
   67 00000036 6008            STR              R0, [R1]
   68 00000038         
   69 00000038         ; ?????Tim2???????
   70 00000038 F240 30E7       MOV              R0, #(1000-1)
   71 0000003C 4936            LDR              R1, =TIM2_ARR
   72 0000003E 6008            STR              R0, [R1]
   73 00000040         
   74 00000040         ; ?????Tim2????
   75 00000040 F641 401F       MOV              R0, #(7200-1)
   76 00000044 4935            LDR              R1, =TIM2_PSC
   77 00000046 6008            STR              R0, [R1]
   78 00000048         
   79 00000048         ; ?????Tim2??????,????
   80 00000048 F04F 0001       MOV              R0, #1
   81 0000004C F04F 4180       LDR              R1, =TIM2_CR1
   82 00000050 6008            STR              R0, [R1]
   83 00000052         
   84 00000052         LOOP
   85 00000052 F7FF FFFE       BL               Delay
   86 00000056 F7FF FFFE       BL               AddTimer
   87 0000005A E7FA            B                LOOP
   88 0000005C         
   89 0000005C         Delay   PROC
   90 0000005C B507            PUSH             {R0,R1,R2,LR}
   91 0000005E         ;MOVS R0,#0
   92 0000005E         ;MOVS R1,#0
   93 0000005E         ;MOVS R2,#0
   94 0000005E 4930            LDR              R1, =TIM2_SR
   95 00000060         DelayLoop0
   96 00000060         ;ADDS R0,R0,#1
   97 00000060 F7FF FFFE       BL               ShowDigits  ;
   98 00000064 680A            LDR              R2, [R1]    ; ??????
   99 00000066 F012 0F01       TST              R2,#1       ; ?????????
  100 0000006A D0F9            BEQ              DelayLoop0  ; ??????DelayLoop0 
                                                            
  101 0000006C F04F 0200       MOV              R2, #0      ;?,??????????
  102 00000070 600A            STR              R2,[R1]
  103 00000072         
  104 00000072         ;CMP R0,#330
  105 00000072         ;BCC DelayLoop0
  106 00000072         
  107 00000072         ;MOVS R0,#0
  108 00000072         ;ADDS R1,R1,#1
  109 00000072         ;CMP R1,#100
  110 00000072         ;BCC DelayLoop0  
  111 00000072         
  112 00000072         ;MOVS R0,#0
  113 00000072         ;MOVS R1,#0
  114 00000072         ;ADDS R2,R2,#1
  115 00000072         ;CMP R2,#5
  116 00000072         ;BCC DelayLoop0                
  117 00000072 BD07            POP              {R0,R1,R2,PC}
  118 00000074         
  119 00000074                 ENDP
  120 00000074         
  121 00000074         ; ??RAM(MYDATA2)???????????
  122 00000074         InitRamArea



ARM Macro Assembler    Page 4 


                               PROC
  123 00000074 B560            PUSH             {R5,R6,LR}
  124 00000076         
  125 00000076         ; ???CURSELECT
  126 00000076 4D2B            LDR              R5,=CURSELECT
  127 00000078 F04F 0600       MOV              R6,#0
  128 0000007C 702E            STRB             R6,[R5]
  129 0000007E         
  130 0000007E         ; ???DIGITS
  131 0000007E 4D2A            LDR              R5,=DIGITS
  132 00000080 F04F 0600       MOV              R6,#0
  133 00000084 70EE            STRB             R6,[R5,#3]
  134 00000086 70AE            STRB             R6,[R5,#2]
  135 00000088 706E            STRB             R6,[R5,#1]
  136 0000008A 702E            STRB             R6,[R5,#0]
  137 0000008C         
  138 0000008C BD60            POP              {R5,R6,PC}
  139 0000008E                 ENDP
  140 0000008E         
  141 0000008E         ; ?????????(?CURSELECT??)
  142 0000008E         ShowDigits
                               PROC
  143 0000008E B5F0            PUSH             {R4,R5,R6,R7,LR}
  144 00000090         
  145 00000090         ; ?????????????
  146 00000090 4D24            LDR              R5,=CURSELECT
  147 00000092 782E            LDRB             R6,[R5]
  148 00000094 F106 0601       ADD              R6,#1       ; ????4???
  149 00000098 2E04            CMP              R6,#4
  150 0000009A D101            BNE              SGNEXT
  151 0000009C F04F 0600       MOV              R6,#0
  152 000000A0         SGNEXT
  153 000000A0 702E            STRB             R6,[R5]
  154 000000A2         
  155 000000A2         ; ????
  156 000000A2 4D21            LDR              R5,=DIGITS
  157 000000A4 5D77            LDRB             R7,[R6,R5]
  158 000000A6 4D21            LDR              R5, =CODES
  159 000000A8 5DEF            LDRB             R7,[R5,R7]
  160 000000AA         
  161 000000AA         ; ???????
  162 000000AA 4D21            LDR              R5,=DIGITPOS
  163 000000AC 5DAC            LDRB             R4,[R5,R6]
  164 000000AE EA4F 2404       LSL              R4,R4,#8
  165 000000B2 4427            ADD              R7,R4
  166 000000B4         
  167 000000B4         ; ??????????PA0~11
  168 000000B4 4D1F            LDR              R5, =GPIOA_ODR
  169 000000B6 602F            STR              R7,[R5]
  170 000000B8 BDF0            POP              {R4,R5,R6,R7,PC}
  171 000000BA                 ENDP
  172 000000BA         
  173 000000BA         AddTimer
                               PROC
  174 000000BA B522            PUSH             {R1,R5,LR}
  175 000000BC 4D1A            LDR              R5,=DIGITS
  176 000000BE         
  177 000000BE         ; ??????1,????10(0xa),????0,??????1,??,????
  178 000000BE 7829            LDRB             R1,[R5,#0]



ARM Macro Assembler    Page 5 


  179 000000C0 F101 0101       ADD              R1,#1
  180 000000C4 7029            STRB             R1,[R5,#0]
  181 000000C6 290A            CMP              R1, #0x0a
  182 000000C8 D11D            BNE              EXIT2
  183 000000CA F04F 0100       MOV              R1,#0
  184 000000CE 7029            STRB             R1,[R5,#0]
  185 000000D0         
  186 000000D0         ; ??????1
  187 000000D0 7869            LDRB             R1,[R5,#1]
  188 000000D2 F101 0101       ADD              R1,#1
  189 000000D6 7069            STRB             R1,[R5,#1]
  190 000000D8 2906            CMP              R1,#0x06
  191 000000DA D114            BNE              EXIT2
  192 000000DC F04F 0100       MOV              R1,#0
  193 000000E0 7069            STRB             R1,[R5,#1]
  194 000000E2         
  195 000000E2         ; ??????1
  196 000000E2 78A9            LDRB             R1,[R5,#2]
  197 000000E4 F101 0101       ADD              R1,#1
  198 000000E8 70A9            STRB             R1,[R5,#2]
  199 000000EA 290A            CMP              R1,#0x0a
  200 000000EC D10B            BNE              EXIT2
  201 000000EE F04F 0100       MOV              R1,#0
  202 000000F2 70A9            STRB             R1,[R5,#2]
  203 000000F4         
  204 000000F4         ; ??????1
  205 000000F4 78E9            LDRB             R1,[R5,#3]
  206 000000F6 F101 0101       ADD              R1,#1
  207 000000FA 70E9            STRB             R1,[R5,#3]
  208 000000FC 2906            CMP              R1,#0x06
  209 000000FE D102            BNE              EXIT2
  210 00000100 F04F 0100       MOV              R1,#0
  211 00000104 70E9            STRB             R1,[R5,#3]
  212 00000106         
  213 00000106         EXIT2
  214 00000106 BD22            POP              {R1,R5,PC}
  215 00000108                 ENDP
  216 00000108         
  217 00000108                 END
              40021018 
              4002101C 
              40010800 
              40010804 
              4000002C 
              40000028 
              40000010 
              00000000 
              00000000 
              00000000 
              00000000 
              4001080C 
Command Line: --debug --xref --diag_suppress=9931 --cpu=Cortex-M3 --apcs=interw
ork --depend=.\objects\startup_stm32f10x_md.d -o.\objects\startup_stm32f10x_md.
o -I.\RTE\_Target_1 -I"D:\arm os\ARM\PACK\Keil\STM32F1xx_DFP\2.3.0\Device\Inclu
de" -I"D:\arm os\ARM\CMSIS\Include" --predefine="__UVISION_VERSION SETA 525" --
predefine="STM32F10X_MD SETA 1" --list=.\listings\startup_stm32f10x_md.lst ..\S
TART\startup_stm32f10x_md.s



ARM Macro Assembler    Page 1 Alphabetic symbol ordering
Relocatable symbols

CODES 00000000

Symbol: CODES
   Definitions
      At line 32 in file ..\START\startup_stm32f10x_md.s
   Uses
      At line 158 in file ..\START\startup_stm32f10x_md.s
Comment: CODES used once
DIGITPOS 0000000C

Symbol: DIGITPOS
   Definitions
      At line 33 in file ..\START\startup_stm32f10x_md.s
   Uses
      At line 162 in file ..\START\startup_stm32f10x_md.s
Comment: DIGITPOS used once
MYDATA 00000000

Symbol: MYDATA
   Definitions
      At line 31 in file ..\START\startup_stm32f10x_md.s
   Uses
      None
Comment: MYDATA unused
3 symbols



ARM Macro Assembler    Page 1 Alphabetic symbol ordering
Relocatable symbols

CURSELECT 00000004

Symbol: CURSELECT
   Definitions
      At line 37 in file ..\START\startup_stm32f10x_md.s
   Uses
      At line 126 in file ..\START\startup_stm32f10x_md.s
      At line 146 in file ..\START\startup_stm32f10x_md.s

DIGITS 00000000

Symbol: DIGITS
   Definitions
      At line 36 in file ..\START\startup_stm32f10x_md.s
   Uses
      At line 131 in file ..\START\startup_stm32f10x_md.s
      At line 156 in file ..\START\startup_stm32f10x_md.s
      At line 175 in file ..\START\startup_stm32f10x_md.s

MYDATA2 00000000

Symbol: MYDATA2
   Definitions
      At line 35 in file ..\START\startup_stm32f10x_md.s
   Uses
      None
Comment: MYDATA2 unused
3 symbols



ARM Macro Assembler    Page 1 Alphabetic symbol ordering
Relocatable symbols

AddTimer 000000BA

Symbol: AddTimer
   Definitions
      At line 173 in file ..\START\startup_stm32f10x_md.s
   Uses
      At line 86 in file ..\START\startup_stm32f10x_md.s
Comment: AddTimer used once
Delay 0000005C

Symbol: Delay
   Definitions
      At line 89 in file ..\START\startup_stm32f10x_md.s
   Uses
      At line 85 in file ..\START\startup_stm32f10x_md.s
Comment: Delay used once
DelayLoop0 00000060

Symbol: DelayLoop0
   Definitions
      At line 95 in file ..\START\startup_stm32f10x_md.s
   Uses
      At line 100 in file ..\START\startup_stm32f10x_md.s
Comment: DelayLoop0 used once
EXIT2 00000106

Symbol: EXIT2
   Definitions
      At line 213 in file ..\START\startup_stm32f10x_md.s
   Uses
      At line 182 in file ..\START\startup_stm32f10x_md.s
      At line 191 in file ..\START\startup_stm32f10x_md.s
      At line 200 in file ..\START\startup_stm32f10x_md.s
      At line 209 in file ..\START\startup_stm32f10x_md.s

InitRamArea 00000074

Symbol: InitRamArea
   Definitions
      At line 122 in file ..\START\startup_stm32f10x_md.s
   Uses
      At line 45 in file ..\START\startup_stm32f10x_md.s
Comment: InitRamArea used once
LOOP 00000052

Symbol: LOOP
   Definitions
      At line 84 in file ..\START\startup_stm32f10x_md.s
   Uses
      At line 87 in file ..\START\startup_stm32f10x_md.s
Comment: LOOP used once
RESET 00000000

Symbol: RESET
   Definitions
      At line 39 in file ..\START\startup_stm32f10x_md.s
   Uses
      None
Comment: RESET unused



ARM Macro Assembler    Page 2 Alphabetic symbol ordering
Relocatable symbols

SGNEXT 000000A0

Symbol: SGNEXT
   Definitions
      At line 152 in file ..\START\startup_stm32f10x_md.s
   Uses
      At line 150 in file ..\START\startup_stm32f10x_md.s
Comment: SGNEXT used once
START 00000008

Symbol: START
   Definitions
      At line 43 in file ..\START\startup_stm32f10x_md.s
   Uses
      At line 41 in file ..\START\startup_stm32f10x_md.s
Comment: START used once
ShowDigits 0000008E

Symbol: ShowDigits
   Definitions
      At line 142 in file ..\START\startup_stm32f10x_md.s
   Uses
      At line 97 in file ..\START\startup_stm32f10x_md.s
Comment: ShowDigits used once
10 symbols



ARM Macro Assembler    Page 1 Alphabetic symbol ordering
Absolute symbols

CFGAH 00003333

Symbol: CFGAH
   Definitions
      At line 12 in file ..\START\startup_stm32f10x_md.s
   Uses
      At line 65 in file ..\START\startup_stm32f10x_md.s
Comment: CFGAH used once
CFGAL 33333333

Symbol: CFGAL
   Definitions
      At line 11 in file ..\START\startup_stm32f10x_md.s
   Uses
      At line 62 in file ..\START\startup_stm32f10x_md.s
Comment: CFGAL used once
GIOPAEN 00000004

Symbol: GIOPAEN
   Definitions
      At line 22 in file ..\START\startup_stm32f10x_md.s
   Uses
      At line 24 in file ..\START\startup_stm32f10x_md.s
      At line 50 in file ..\START\startup_stm32f10x_md.s

GIOPALLEN 0000000C

Symbol: GIOPALLEN
   Definitions
      At line 24 in file ..\START\startup_stm32f10x_md.s
   Uses
      None
Comment: GIOPALLEN unused
GIOPBEN 00000008

Symbol: GIOPBEN
   Definitions
      At line 23 in file ..\START\startup_stm32f10x_md.s
   Uses
      At line 24 in file ..\START\startup_stm32f10x_md.s
Comment: GIOPBEN used once
GPIOA_BASE 40010800

Symbol: GPIOA_BASE
   Definitions
      At line 4 in file ..\START\startup_stm32f10x_md.s
   Uses
      At line 5 in file ..\START\startup_stm32f10x_md.s
      At line 6 in file ..\START\startup_stm32f10x_md.s
      At line 7 in file ..\START\startup_stm32f10x_md.s
      At line 8 in file ..\START\startup_stm32f10x_md.s
      At line 9 in file ..\START\startup_stm32f10x_md.s

GPIOA_BRR 40010814

Symbol: GPIOA_BRR
   Definitions
      At line 9 in file ..\START\startup_stm32f10x_md.s
   Uses



ARM Macro Assembler    Page 2 Alphabetic symbol ordering
Absolute symbols

      None
Comment: GPIOA_BRR unused
GPIOA_BSRR 40010810

Symbol: GPIOA_BSRR
   Definitions
      At line 8 in file ..\START\startup_stm32f10x_md.s
   Uses
      None
Comment: GPIOA_BSRR unused
GPIOA_CRH 40010804

Symbol: GPIOA_CRH
   Definitions
      At line 6 in file ..\START\startup_stm32f10x_md.s
   Uses
      At line 66 in file ..\START\startup_stm32f10x_md.s
Comment: GPIOA_CRH used once
GPIOA_CRL 40010800

Symbol: GPIOA_CRL
   Definitions
      At line 5 in file ..\START\startup_stm32f10x_md.s
   Uses
      At line 63 in file ..\START\startup_stm32f10x_md.s
Comment: GPIOA_CRL used once
GPIOA_ODR 4001080C

Symbol: GPIOA_ODR
   Definitions
      At line 7 in file ..\START\startup_stm32f10x_md.s
   Uses
      At line 168 in file ..\START\startup_stm32f10x_md.s
Comment: GPIOA_ODR used once
RCC_APB1ENR 4002101C

Symbol: RCC_APB1ENR
   Definitions
      At line 26 in file ..\START\startup_stm32f10x_md.s
   Uses
      At line 55 in file ..\START\startup_stm32f10x_md.s
Comment: RCC_APB1ENR used once
RCC_APB2ENR 40021018

Symbol: RCC_APB2ENR
   Definitions
      At line 21 in file ..\START\startup_stm32f10x_md.s
   Uses
      At line 48 in file ..\START\startup_stm32f10x_md.s
Comment: RCC_APB2ENR used once
STACK_TOP 20002000

Symbol: STACK_TOP
   Definitions
      At line 29 in file ..\START\startup_stm32f10x_md.s
   Uses
      At line 40 in file ..\START\startup_stm32f10x_md.s
Comment: STACK_TOP used once
TIM2 40000000



ARM Macro Assembler    Page 3 Alphabetic symbol ordering
Absolute symbols


Symbol: TIM2
   Definitions
      At line 14 in file ..\START\startup_stm32f10x_md.s
   Uses
      At line 15 in file ..\START\startup_stm32f10x_md.s
      At line 16 in file ..\START\startup_stm32f10x_md.s
      At line 17 in file ..\START\startup_stm32f10x_md.s
      At line 18 in file ..\START\startup_stm32f10x_md.s
      At line 19 in file ..\START\startup_stm32f10x_md.s

TIM2EN 00000001

Symbol: TIM2EN
   Definitions
      At line 27 in file ..\START\startup_stm32f10x_md.s
   Uses
      At line 57 in file ..\START\startup_stm32f10x_md.s
Comment: TIM2EN used once
TIM2_ARR 4000002C

Symbol: TIM2_ARR
   Definitions
      At line 15 in file ..\START\startup_stm32f10x_md.s
   Uses
      At line 71 in file ..\START\startup_stm32f10x_md.s
Comment: TIM2_ARR used once
TIM2_CR1 40000000

Symbol: TIM2_CR1
   Definitions
      At line 18 in file ..\START\startup_stm32f10x_md.s
   Uses
      At line 81 in file ..\START\startup_stm32f10x_md.s
Comment: TIM2_CR1 used once
TIM2_DIER 4000000C

Symbol: TIM2_DIER
   Definitions
      At line 17 in file ..\START\startup_stm32f10x_md.s
   Uses
      None
Comment: TIM2_DIER unused
TIM2_PSC 40000028

Symbol: TIM2_PSC
   Definitions
      At line 16 in file ..\START\startup_stm32f10x_md.s
   Uses
      At line 76 in file ..\START\startup_stm32f10x_md.s
Comment: TIM2_PSC used once
TIM2_SR 40000010

Symbol: TIM2_SR
   Definitions
      At line 19 in file ..\START\startup_stm32f10x_md.s
   Uses
      At line 94 in file ..\START\startup_stm32f10x_md.s
Comment: TIM2_SR used once



ARM Macro Assembler    Page 4 Alphabetic symbol ordering
Absolute symbols

21 symbols
371 symbols in table
