


ARM Macro Assembler    Page 1 


    1 00000000 40010800 
                       GPIOA_BASE
                               EQU              0x40010800  ; GPIOAÂü∫Âú∞ÂùÄ
    2 00000000 40010800 
                       GPIOA_CRL
                               EQU              GPIOA_BASE  ; ‰ΩéÈÖçÁΩÆÂØÑÂ≠òÂô
                                                            ®
    3 00000000 40010804 
                       GPIOA_CRH
                               EQU              GPIOA_BASE+0x04 ; È´òÈÖçÁΩÆÂØÑÂ
                                                            ≠òÂô®
    4 00000000 40010808 
                       GPIOA_IDR
                               EQU              GPIOA_BASE+0x08 ; ËæìÂÖ•Êï∞ÊçÆÂ
                                                            ØÑÂ≠òÂô®
    5 00000000 4001080C 
                       GPIOA_ODR
                               EQU              GPIOA_BASE+0x0c ; ËæìÂá∫Êï∞ÊçÆÂ
                                                            ØÑÂ≠òÂô®
    6 00000000 40010810 
                       GPIOA_BSRR
                               EQU              GPIOA_BASE+0x10 ; Á´ØÂè£‰ΩçÁΩÆ‰
                                                            Ωç/Ê∏ÖÈô§ÂØÑÂ≠òÂô®
    7 00000000 40010814 
                       GPIOA_BRR
                               EQU              GPIOA_BASE+0x14 ; Á´ØÂè£‰ΩçÊ∏ÖÈ
                                                            ô§ÂØÑÂ≠òÂô®
    8 00000000         
    9 00000000 33333333 
                       CFGAL   EQU              0x33333333  ; PA0~7Ôºö  Êé®ÊåΩË
                                                            æìÂá∫Ôºå50MHz
   10 00000000 00000333 
                       CFGAH   EQU              0x00000333  ; PA8~10Ôºö Êé®ÊåΩË
                                                            æìÂá∫Ôºå50MHz
   11 00000000         
   12 00000000 40010C00 
                       GPIOB_BASE
                               EQU              0x40010c00  ; GPIOBÂü∫Âú∞ÂùÄ
   13 00000000 40010C00 
                       GPIOB_CRL
                               EQU              GPIOB_BASE+0x00 ; GPIOB‰ΩéÈÖçÁΩ
                                                            ÆÂØÑÂ≠òÂô®
   14 00000000 40010C04 
                       GPIOB_CRH
                               EQU              GPIOB_BASE+0x04 ; GPIOBÈ´òÈÖçÁΩ
                                                            ÆÂØÑÂ≠òÂô®
   15 00000000 40010C08 
                       GPIOB_IDR
                               EQU              GPIOB_BASE+0x08 ; GPIOBËæìÂÖ•Êï
                                                            ∞ÊçÆÂØÑÂ≠òÂô®
   16 00000000 40010C0C 
                       GPIOB_ODR
                               EQU              GPIOB_BASE+0x0c ; GPIOBËæìÂá∫Êï
                                                            ∞ÊçÆÂØÑÂ≠òÂô®
   17 00000000 40010C10 
                       GPIOB_BSRR
                               EQU              GPIOB_BASE+0x10 ; GPIOB‰ΩçÁ´ØÂè
                                                            £ÁΩÆ‰Ωç/Ê∏ÖÈõ∂ÂØÑÂ≠
                                                            òÂô®



ARM Macro Assembler    Page 2 


   18 00000000 00000000 
                       CFGBL   EQU              0x0000      ; GPIOBÈÖçÁΩÆÔºöPB0
                                                            --Ê®°ÊãüËæìÂÖ•
   19 00000000         
   20 00000000 40021018 
                       RCC_APB2ENR
                               EQU              0x40021018
   21 00000000 00000004 
                       GIOPAEN EQU              0x00000004  ; GPIOA ‰ΩøËÉΩ‰Ωç
   22 00000000 00000008 
                       GIOPBEN EQU              0x00000008  ; GPIOB ‰ΩøËÉΩ‰Ωç
   23 00000000 00000001 
                       AFIOEN  EQU              0x00000001  ; AFIO Êó∂Èíü‰ΩøËÉΩ
                                                            ‰Ωç
   24 00000000 00000200 
                       ADC1EN  EQU              0x00000200  ; ADC1 ‰ΩøËÉΩ‰Ωç
   25 00000000 0000020D 
                       APB2ENALL
                               EQU              GIOPAEN :OR: GIOPBEN :OR: ADC1E
N :OR: AFIOEN
   26 00000000         
   27 00000000 40012400 
                       ADC1_BASE
                               EQU              0x40012400
   28 00000000 40012400 
                       ADC1_SR EQU              ADC1_BASE+0x00
   29 00000000 40012404 
                       ADC1_CR1
                               EQU              ADC1_BASE+0x04
   30 00000000 40012408 
                       ADC1_CR2
                               EQU              ADC1_BASE+0x08
   31 00000000 4001240C 
                       ADC1_SMPR1
                               EQU              ADC1_BASE+0x0c
   32 00000000 40012410 
                       ADC1_SMPR2
                               EQU              ADC1_BASE+0x10
   33 00000000 4001242C 
                       ADC1_SQR1
                               EQU              ADC1_BASE+0x2c
   34 00000000 40012434 
                       ADC1_SQR3
                               EQU              ADC1_BASE+0x34
   35 00000000 4001244C 
                       ADC1_DR EQU              ADC1_BASE+0x4c
   36 00000000         
   37 00000000 00000001 
                       CLEAR   EQU              0x01
   38 00000000 00000002 
                       RESETCUR
                               EQU              0x02
   39 00000000 00000006 
                       INMODE  EQU              0x06
   40 00000000 0000000C 
                       DISPON  EQU              0x0c
   41 00000000 00000038 
                       DISPMODE
                               EQU              0x38



ARM Macro Assembler    Page 3 


   42 00000000 00000040 
                       DEFSYM  EQU              0x40
   43 00000000 000000C0 
                       CRLF    EQU              0xc0
   44 00000000 00000200 
                       WRTSYM  EQU              0x0200
   45 00000000 00000230 
                       WRTDIGIT
                               EQU              0x0230
   46 00000000 00000241 
                       WRTLETTER
                               EQU              0x0241
   47 00000000 0000022E 
                       WRTDOT  EQU              0x022e
   48 00000000 00000220 
                       WRTSPACE
                               EQU              0x0220
   49 00000000         
   50 00000000 00000210 
                       DIGREE1 EQU              0X0210
   51 00000000 00000206 
                       DIGREE2 EQU              0X0206
   52 00000000 00000209 
                       DIGREE3 EQU              0X0209
   53 00000000 00000208 
                       DIGREE4 EQU              0X0208
   54 00000000 00000208 
                       DIGREE5 EQU              0X0208
   55 00000000 00000209 
                       DIGREE6 EQU              0X0209
   56 00000000 00000206 
                       DIGREE7 EQU              0X0206
   57 00000000 00000200 
                       DIGREE8 EQU              0X0200
   58 00000000 00000058 
                       ROW     EQU              0X58
   59 00000000         
   60 00000000         ;Ê∏©Â∫¶ÂØπÂ∫îÁöÑÁîµÂéãÂÄº
   61 00000000 0000059A 
                       ADC10   EQU              0x059A
   62 00000000 0000059E 
                       ADC11   EQU              0x059E
   63 00000000 000005AF 
                       ADC12   EQU              0x05AF
   64 00000000 000005CA 
                       ADC13   EQU              0x05CA
   65 00000000 000005EE 
                       ADC14   EQU              0x05EE
   66 00000000 00000617 
                       ADC15   EQU              0x0617
   67 00000000 00000644 
                       ADC16   EQU              0x0644
   68 00000000 00000674 
                       ADC17   EQU              0x0674
   69 00000000 000006A7 
                       ADC18   EQU              0x06A7
   70 00000000 000006DA 
                       ADC19   EQU              0x06DA
   71 00000000 0000070D 



ARM Macro Assembler    Page 4 


                       ADC20   EQU              0x070D
   72 00000000 00000740 
                       ADC21   EQU              0x0740
   73 00000000 00000772 
                       ADC22   EQU              0x0772
   74 00000000 000007A3 
                       ADC23   EQU              0x07A3
   75 00000000 000007D2 
                       ADC24   EQU              0x07D2
   76 00000000 00000800 
                       ADC25   EQU              0x0800
   77 00000000 0000082C 
                       ADC26   EQU              0x082C
   78 00000000 00000857 
                       ADC27   EQU              0x0857
   79 00000000 00000881 
                       ADC28   EQU              0x0881
   80 00000000 000008A9 
                       ADC29   EQU              0x08A9
   81 00000000         
   82 00000000 20002000 
                       STACK_TOP
                               EQU              0X20002000
   83 00000000                 AREA             RESET,CODE,READONLY ; AREA‰∏çËÉ
                                                            ΩÈ°∂Ê†ºÂÜô
   84 00000000 20002000        DCD              STACK_TOP   ; MSP‰∏ªÂ†ÜÊ†àÊåáÈí
                                                            à
   85 00000004 00000000        DCD              START       ; Â§ç‰ΩçÔºåPCÂàùÂßã
                                                            ÂÄº 
   86 00000008                 ENTRY                        ; ÊåáÁ§∫ÂºÄÂßãÊâßË°
                                                            å,Êúâ‰∫ÜCÊñá‰ª∂ÔºåE
                                                            NTRYÊ≥®ÈáäÊéâ
   87 00000008         START                                ; ÊâÄÊúâÁöÑÊ†áÂè∑Âø
                                                            ÖÈ°ªÈ°∂Ê†ºÂÜôÔºå‰∏î
                                                            Êó†ÂÜíÂè∑
   88 00000008         
   89 00000008 F000 F953       BL               RCC_CONFIG_72MHZ
   90 0000000C F000 F937       BL               InitComp
   91 00000010 F000 F8AA       BL               LedDefDegSym
   92 00000014 F000 F8FB       BL               InitLED
   93 00000018         
   94 00000018 F04F 0001       MOV              R0, #1
   95 0000001C 49BD            LDR              R1, =ADC1_CR2
   96 0000001E 6008            STR              R0, [R1]
   97 00000020 49BD            LDR              R1, =ADC1_SR
   98 00000022         WAIT_CONV
   99 00000022 6808            LDR              R0, [R1]
  100 00000024 F010 0F02       TST              R0, #0x2
  101 00000028 D0FB            BEQ              WAIT_CONV
  102 0000002A         
  103 0000002A 49BC            LDR              R1, =ADC1_DR
  104 0000002C 6808            LDR              R0, [R1]
  105 0000002E         
  106 0000002E F240 519A       LDR              R1,=ADC10
  107 00000032 4288            CMP              R0,R1
  108 00000034 BFBC            ITT              LT
  109 00000036 2000            MOVLT            R0,#0
  110 00000038 E071            BLT              ShowLED1
  111 0000003A         



ARM Macro Assembler    Page 5 


  112 0000003A F240 519E       LDR              R1,=ADC11
  113 0000003E 4288            CMP              R0,R1
  114 00000040 BFBC            ITT              LT
  115 00000042 2001            MOVLT            R0,#1
  116 00000044 E06B            BLT              ShowLED1
  117 00000046         
  118 00000046 F240 51AF       LDR              R1,=ADC12
  119 0000004A 4288            CMP              R0,R1
  120 0000004C BFBC            ITT              LT
  121 0000004E 2002            MOVLT            R0,#2
  122 00000050 E065            BLT              ShowLED1
  123 00000052         
  124 00000052 F240 51CA       LDR              R1,=ADC13
  125 00000056 4288            CMP              R0,R1
  126 00000058 BFBC            ITT              LT
  127 0000005A 2003            MOVLT            R0,#3
  128 0000005C E05F            BLT              ShowLED1
  129 0000005E         
  130 0000005E F240 51EE       LDR              R1,=ADC14
  131 00000062 4288            CMP              R0,R1
  132 00000064 BFBC            ITT              LT
  133 00000066 2004            MOVLT            R0,#4
  134 00000068 E059            BLT              ShowLED1
  135 0000006A         
  136 0000006A F240 6117       LDR              R1,=ADC15
  137 0000006E 4288            CMP              R0,R1
  138 00000070 BFBC            ITT              LT
  139 00000072 2005            MOVLT            R0,#5
  140 00000074 E053            BLT              ShowLED1
  141 00000076         
  142 00000076 F240 6144       LDR              R1,=ADC16
  143 0000007A 4288            CMP              R0,R1
  144 0000007C BFBC            ITT              LT
  145 0000007E 2006            MOVLT            R0,#6
  146 00000080 E04D            BLT              ShowLED1
  147 00000082         
  148 00000082 F240 6174       LDR              R1,=ADC17
  149 00000086 4288            CMP              R0,R1
  150 00000088 BFBC            ITT              LT
  151 0000008A 2007            MOVLT            R0,#7
  152 0000008C E047            BLT              ShowLED1
  153 0000008E         
  154 0000008E F240 61A7       LDR              R1,=ADC18
  155 00000092 4288            CMP              R0,R1
  156 00000094 BFBC            ITT              LT
  157 00000096 2008            MOVLT            R0,#8
  158 00000098 E041            BLT              ShowLED1
  159 0000009A         
  160 0000009A F240 61DA       LDR              R1,=ADC19
  161 0000009E 4288            CMP              R0,R1
  162 000000A0 BFBC            ITT              LT
  163 000000A2 2009            MOVLT            R0,#9
  164 000000A4 E03B            BLT              ShowLED1
  165 000000A6         
  166 000000A6 F240 710D       LDR              R1,=ADC20
  167 000000AA 4288            CMP              R0,R1
  168 000000AC BFBC            ITT              LT
  169 000000AE 2000            MOVLT            R0,#0
  170 000000B0 E03E            BLT              ShowLED2



ARM Macro Assembler    Page 6 


  171 000000B2         
  172 000000B2 F44F 61E8       LDR              R1,=ADC21
  173 000000B6 4288            CMP              R0,R1
  174 000000B8 BFBC            ITT              LT
  175 000000BA 2001            MOVLT            R0,#1
  176 000000BC E038            BLT              ShowLED2
  177 000000BE         
  178 000000BE F240 7172       LDR              R1,=ADC22
  179 000000C2 4288            CMP              R0,R1
  180 000000C4 BFBC            ITT              LT
  181 000000C6 2002            MOVLT            R0,#2
  182 000000C8 E032            BLT              ShowLED2
  183 000000CA         
  184 000000CA F240 71A3       LDR              R1,=ADC23
  185 000000CE 4288            CMP              R0,R1
  186 000000D0 BFBC            ITT              LT
  187 000000D2 2003            MOVLT            R0,#3
  188 000000D4 E02C            BLT              ShowLED2
  189 000000D6         
  190 000000D6 F240 71D2       LDR              R1,=ADC24
  191 000000DA 4288            CMP              R0,R1
  192 000000DC BFBC            ITT              LT
  193 000000DE 2004            MOVLT            R0,#4
  194 000000E0 E026            BLT              ShowLED2
  195 000000E2         
  196 000000E2 F44F 6100       LDR              R1,=ADC25
  197 000000E6 4288            CMP              R0,R1
  198 000000E8 BFBC            ITT              LT
  199 000000EA 2005            MOVLT            R0,#5
  200 000000EC E020            BLT              ShowLED2
  201 000000EE         
  202 000000EE F640 012C       LDR              R1,=ADC26
  203 000000F2 4288            CMP              R0,R1
  204 000000F4 BFBC            ITT              LT
  205 000000F6 2006            MOVLT            R0,#6
  206 000000F8 E01A            BLT              ShowLED2
  207 000000FA         
  208 000000FA F640 0157       LDR              R1,=ADC27
  209 000000FE 4288            CMP              R0,R1
  210 00000100 BFBC            ITT              LT
  211 00000102 2007            MOVLT            R0,#7
  212 00000104 E014            BLT              ShowLED2
  213 00000106         
  214 00000106 F640 0181       LDR              R1,=ADC28
  215 0000010A 4288            CMP              R0,R1
  216 0000010C BFBC            ITT              LT
  217 0000010E 2008            MOVLT            R0,#8
  218 00000110 E00E            BLT              ShowLED2
  219 00000112         
  220 00000112 F640 01A9       LDR              R1,=ADC29
  221 00000116 4288            CMP              R0,R1
  222 00000118 BFBC            ITT              LT
  223 0000011A 2009            MOVLT            R0,#9
  224 0000011C E008            BLT              ShowLED2
  225 0000011E         
  226 0000011E         ShowLED1
  227 0000011E 4980            LDR              R1, =GPIOA_ODR
  228 00000120 F44F 730C       MOV              R3, #WRTDIGIT
  229 00000124         



ARM Macro Assembler    Page 7 


  230 00000124 F103 0201       ADD              R2,R3,#1
  231 00000128 600A            STR              R2,[R1]
  232 0000012A F000 F88C       BL               ExcCmd
  233 0000012E E008            B                LEFT_DIG
  234 00000130         
  235 00000130         ShowLED2
  236 00000130 497B            LDR              R1, =GPIOA_ODR
  237 00000132 F44F 730C       MOV              R3, #WRTDIGIT
  238 00000136         
  239 00000136 F103 0202       ADD              R2,R3,#2
  240 0000013A 600A            STR              R2,[R1]
  241 0000013C F000 F883       BL               ExcCmd
  242 00000140 E7FF            B                LEFT_DIG
  243 00000142         
  244 00000142         LEFT_DIG
  245 00000142 4977            LDR              R1, =GPIOA_ODR
  246 00000144 F44F 730C       MOV              R3,#WRTDIGIT
  247 00000148         
  248 00000148 EB03 0200       ADD              R2,R3,R0
  249 0000014C 600A            STR              R2,[R1]
  250 0000014E F000 F87A       BL               ExcCmd
  251 00000152         
  252 00000152 F240 2203       MOV              R2,#0x0203
  253 00000156 600A            STR              R2,[R1]
  254 00000158 F000 F875       BL               ExcCmd
  255 0000015C         
  256 0000015C F04F 02C0       MOV              R2, #CRLF
  257 00000160 600A            STR              R2, [R1]
  258 00000162 F000 F870       BL               ExcCmd
  259 00000166         
  260 00000166         LOOP
  261 00000166 E7FE            B                LOOP
  262 00000168         
  263 00000168         LedDefDegSym
  264 00000168 B50F            PUSH{R0,R1,R2,R3,LR}
  265 0000016A 496D            LDR              R1,=GPIOA_ODR
  266 0000016C         
  267 0000016C F04F 0058       MOV              R0,#ROW
  268 00000170 6008            STR              R0,[R1]
  269 00000172 F000 F868       BL               ExcCmd
  270 00000176         
  271 00000176 F44F 7204       MOV              R2,#DIGREE1
  272 0000017A 600A            STR              R2,[R1]
  273 0000017C F000 F863       BL               ExcCmd
  274 00000180         
  275 00000180 F100 0001       ADD              R0,R0,#1
  276 00000184 6008            STR              R0,[R1]
  277 00000186 F000 F85E       BL               ExcCmd
  278 0000018A         
  279 0000018A F240 2206       MOV              R2,#DIGREE2
  280 0000018E 600A            STR              R2,[R1]
  281 00000190 F000 F859       BL               ExcCmd
  282 00000194         
  283 00000194 F100 0001       ADD              R0,R0,#1
  284 00000198 6008            STR              R0,[R1]
  285 0000019A F000 F854       BL               ExcCmd
  286 0000019E         
  287 0000019E F240 2209       MOV              R2,#DIGREE3
  288 000001A2 600A            STR              R2,[R1]



ARM Macro Assembler    Page 8 


  289 000001A4 F000 F84F       BL               ExcCmd
  290 000001A8         
  291 000001A8 F100 0001       ADD              R0,R0,#1
  292 000001AC 6008            STR              R0,[R1]
  293 000001AE F000 F84A       BL               ExcCmd
  294 000001B2         
  295 000001B2 F44F 7202       MOV              R2,#DIGREE4
  296 000001B6 600A            STR              R2,[R1]
  297 000001B8 F000 F845       BL               ExcCmd
  298 000001BC         
  299 000001BC F100 0001       ADD              R0,R0,#1
  300 000001C0 6008            STR              R0,[R1]
  301 000001C2 F000 F840       BL               ExcCmd
  302 000001C6         
  303 000001C6 F44F 7202       MOV              R2,#DIGREE5
  304 000001CA 600A            STR              R2,[R1]
  305 000001CC F000 F83B       BL               ExcCmd
  306 000001D0         
  307 000001D0 F100 0001       ADD              R0,R0,#1
  308 000001D4 6008            STR              R0,[R1]
  309 000001D6 F000 F836       BL               ExcCmd
  310 000001DA         
  311 000001DA F240 2209       MOV              R2,#DIGREE6
  312 000001DE 600A            STR              R2,[R1]
  313 000001E0 F000 F831       BL               ExcCmd
  314 000001E4         
  315 000001E4 F100 0001       ADD              R0,R0,#1
  316 000001E8 6008            STR              R0,[R1]
  317 000001EA F000 F82C       BL               ExcCmd
  318 000001EE         
  319 000001EE F240 2206       MOV              R2,#DIGREE7
  320 000001F2 600A            STR              R2,[R1]
  321 000001F4 F000 F827       BL               ExcCmd
  322 000001F8         
  323 000001F8 F100 0001       ADD              R0,R0,#1
  324 000001FC 6008            STR              R0,[R1]
  325 000001FE F000 F822       BL               ExcCmd
  326 00000202         
  327 00000202 F44F 7200       MOV              R2,#DIGREE8
  328 00000206 600A            STR              R2,[R1]
  329 00000208 F000 F81D       BL               ExcCmd
  330 0000020C BD0F            POP{R0,R1,R2,R3,PC}
  331 0000020E         
  332 0000020E         InitLED
  333 0000020E B503            PUSH             {R0, R1, LR}
  334 00000210 4943            LDR              R1, =GPIOA_ODR
  335 00000212         
  336 00000212 F04F 0038       MOV              R0, #DISPMODE
  337 00000216 6008            STR              R0, [R1]
  338 00000218 F000 F815       BL               ExcCmd
  339 0000021C         
  340 0000021C F04F 000C       MOV              R0, #DISPON
  341 00000220 6008            STR              R0, [R1]
  342 00000222 F000 F810       BL               ExcCmd
  343 00000226         
  344 00000226 F04F 0006       MOV              R0, #INMODE
  345 0000022A 6008            STR              R0, [R1]
  346 0000022C F000 F80B       BL               ExcCmd
  347 00000230         



ARM Macro Assembler    Page 9 


  348 00000230 F04F 0001       MOV              R0, #CLEAR
  349 00000234 6008            STR              R0, [R1]
  350 00000236 F000 F806       BL               ExcCmd
  351 0000023A         
  352 0000023A F04F 0002       MOV              R0, #RESETCUR
  353 0000023E 6008            STR              R0, [R1]
  354 00000240 F000 F801       BL               ExcCmd
  355 00000244         
  356 00000244 BD03            POP              {R0, R1, PC}
  357 00000246         
  358 00000246         ExcCmd
  359 00000246 B503            PUSH             {R0, R1, LR}
  360 00000248 4936            LDR              R1, =GPIOA_BSRR
  361 0000024A F44F 6080       MOV              R0, #0x00000400
  362 0000024E 6008            STR              R0, [R1]
  363 00000250 F04F 6080       MOV              R0, #0x04000000
  364 00000254 6008            STR              R0, [R1]
  365 00000256 F000 F801       BL               Delay
  366 0000025A BD03            POP              {R0, R1, PC}
  367 0000025C         
  368 0000025C         Delay
  369 0000025C B507            PUSH             {R0,R1,R2,LR}
  370 0000025E         
  371 0000025E 2000            MOVS             R0,#0
  372 00000260 2100            MOVS             R1,#0
  373 00000262 2200            MOVS             R2,#0
  374 00000264         
  375 00000264         DelayLoop0
  376 00000264 3001            ADDS             R0,#1
  377 00000266         
  378 00000266 2821            CMP              R0,#33
  379 00000268 D3FC            BCC              DelayLoop0
  380 0000026A         
  381 0000026A 2000            MOVS             R0,#0
  382 0000026C 3101            ADDS             R1,#1
  383 0000026E 2921            CMP              R1,#33
  384 00000270 D3F8            BCC              DelayLoop0
  385 00000272         
  386 00000272 2000            MOVS             R0,#0
  387 00000274 2100            MOVS             R1,#0
  388 00000276 3201            ADDS             R2,#1
  389 00000278 2A1E            CMP              R2,#30
  390 0000027A D3F3            BCC              DelayLoop0
  391 0000027C         
  392 0000027C BD07            POP              {R0,R1,R2,PC}
  393 0000027E         
  394 0000027E         InitComp
  395 0000027E B503            PUSH             {R0, R1, LR}
  396 00000280         
  397 00000280         ; ËÆæÁΩÆRCCÁöÑAPB2‰ΩøËÉΩÂØÑÂ≠òÂô®ÔºåÂêØÂä® GPIOA„ÄÅGPIOB
                       „ÄÅAFIO„ÄÅADC1 ÈÉ®‰ª∂
  398 00000280 4929            LDR              R1, =RCC_APB2ENR ; 0X4002101C
  399 00000282 F240 200D       LDR              R0, =APB2ENALL
  400 00000286 6008            STR              R0, [R1]    ; ‰ΩøËÉΩ GPIOA, GPI
                                                            OB, AFIO, ADC1
  401 00000288         
  402 00000288         ; ËÆæÁΩÆ GPIOA ÈÖçÁΩÆÂØÑÂ≠òÂô®Ôºå‰ª§ PA0~PA10 ËÆæÁΩÆ‰∏∫Ê
                       é®ÊåΩËæìÂá∫(50MHz)
  403 00000288 F04F 3033       MOV              R0, #CFGAL



ARM Macro Assembler    Page 10 


  404 0000028C 4927            LDR              R1, =GPIOA_CRL
  405 0000028E 6008            STR              R0, [R1]
  406 00000290 F240 3033       LDR              R0, =CFGAH
  407 00000294 4926            LDR              R1, =GPIOA_CRH
  408 00000296 6008            STR              R0, [R1]
  409 00000298         
  410 00000298         ;ËÆæÁΩÆGPIOB‰ΩéÈÖçÁΩÆÂØÑÂ≠òÂô®ÔºöPB0 Ê®°ÊãüËæìÂÖ•
  411 00000298 F04F 0000       MOV              R0, #CFGBL
  412 0000029C 4925            LDR              R1, =GPIOB_CRL
  413 0000029E 6008            STR              R0, [R1]
  414 000002A0         
  415 000002A0         ; ÂàùÂßãÂåñ adcÔºöÈªòËÆ§Áã¨Á´ãÊ®°Âºè„ÄÅÁ¶ÅÊ≠¢Êâ´ÊèèËøûÁª
                       ≠ËΩ¨Êç¢„ÄÅËΩØ‰ª∂ÂºÄÂêØËΩ¨Êç¢Âè≥ÂØπÈΩê„ÄÅ1‰∏™ËßÑÂàôËΩ¨Êç¢
                       ÈÄöÈÅì
  416 000002A0 F04F 0008       MOV              R0, #8
  417 000002A4 4924            LDR              R1, =ADC1_SQR3
  418 000002A6 6008            STR              R0, [R1]
  419 000002A8 F04F 0001       MOV              R0, #0x1
  420 000002AC 4919            LDR              R1, =ADC1_CR2
  421 000002AE 6008            STR              R0, [R1]
  422 000002B0         
  423 000002B0 BD03            POP              {R0, R1, PC}
  424 000002B2         
  425 000002B2         ;;;;;;;;;;;;;;;;;;;;;;;;;;;;;;;;;;;;;;;;;
  426 000002B2         ;;;RCC  Êó∂ÈíüÈÖçÁΩÆ HCLK=72MHz=HSE*9
  427 000002B2         ;;;PCLK2=HCLK  PCLK1=HCLK/2
  428 000002B2         ;;;;;;;;;;;;;;;;;;;;;;;;;;;;;;;;;;;;;;;;;
  429 000002B2         RCC_CONFIG_72MHZ
  430 000002B2 4922            LDR              R1,=0X40021000 ;RCC_CR
  431 000002B4 6808            LDR              R0,[R1]
  432 000002B6 F44F 3280       LDR              R2,=0X00010000 ;HSEON
  433 000002BA EA40 0002       ORR              R0,R2
  434 000002BE 6008            STR              R0,[R1]
  435 000002C0         WAIT_HSE_RDY
  436 000002C0 F44F 3200       LDR              R2,=0X00020000 ;HSERDY
  437 000002C4 6808            LDR              R0,[R1]
  438 000002C6 4010            ANDS             R0,R2
  439 000002C8 2800            CMP              R0,#0
  440 000002CA D0F9            BEQ              WAIT_HSE_RDY
  441 000002CC 491C            LDR              R1,=0X40022000 ;FLASH_ACR
  442 000002CE F04F 0012       MOV              R0,#0X12
  443 000002D2 6008            STR              R0,[R1]
  444 000002D4 491B            LDR              R1,=0X40021004 ;RCC_CFGRÊó∂ÈíüÈ
                                                            ÖçÁΩÆÂØÑÂ≠òÂô®
  445 000002D6 6808            LDR              R0,[R1]
  446 000002D8         ;PLLÂÄçÈ¢ëÁ≥ªÊï∞,PCLK2,PCLK1ÂàÜÈ¢ëËÆæÁΩÆ
  447 000002D8         ;HSE 9ÂÄçÈ¢ëPCLK2=HCLK,PCLK1=HCLK/2
  448 000002D8         ;HCLK=72MHz 0x001D0400
  449 000002D8         ;HCLK=64MHz 0x00190400
  450 000002D8         ;HCLK=48MHz 0x00110400
  451 000002D8         ;HCLK=32MHz 0x00090400
  452 000002D8         ;HCLK=24MHz 0x00050400
  453 000002D8         ;HCLK=16MHz 0x00010400
  454 000002D8 4A1B            LDR              R2,=0x001D0400
  455 000002DA EA40 0002       ORR              R0,R2
  456 000002DE 6008            STR              R0,[R1]
  457 000002E0 4916            LDR              R1,=0X40021000 ;RCC_CR
  458 000002E2 6808            LDR              R0,[R1]
  459 000002E4 F04F 7280       LDR              R2,=0X01000000 ;PLLON



ARM Macro Assembler    Page 11 


  460 000002E8 EA40 0002       ORR              R0,R2
  461 000002EC 6008            STR              R0,[R1]
  462 000002EE         WAIT_PLL_RDY
  463 000002EE F04F 7200       LDR              R2,=0X02000000 ;PLLRDY
  464 000002F2 6808            LDR              R0,[R1]
  465 000002F4 4010            ANDS             R0,R2
  466 000002F6 2800            CMP              R0,#0
  467 000002F8 D0F9            BEQ              WAIT_PLL_RDY
  468 000002FA 4912            LDR              R1,=0X40021004 ;RCC_CFGR
  469 000002FC 6808            LDR              R0,[R1]
  470 000002FE F24C 0202       MOV              R2,#0Xc002  ; ÈÖçÁΩÆ ADC È¢ÑÂàÜ
                                                            È¢ëÂô®
  471 00000302 EA40 0002       ORR              R0,R2
  472 00000306 6008            STR              R0,[R1]
  473 00000308         WAIT_HCLK_USEPLL
  474 00000308 6808            LDR              R0,[R1]
  475 0000030A F010 0008       ANDS             R0,#0X08
  476 0000030E 2808            CMP              R0,#0X08
  477 00000310 D1FA            BNE              WAIT_HCLK_USEPLL
  478 00000312 4770            BX               LR
  479 00000314         
  480 00000314         END
                       
              40012408 
              40012400 
              4001244C 
              4001080C 
              40010810 
              40021018 
              40010800 
              40010804 
              40010C00 
              40012434 
              40021000 
              40022000 
              40021004 
              001D0400 
Command Line: --debug --xref --diag_suppress=9931 --cpu=Cortex-M3 --apcs=interw
ork --depend=.\objects\startup_stm32f10x_md.d -o.\objects\startup_stm32f10x_md.
o -I.\RTE\_Target_1 -I"D:\arm os\ARM\PACK\Keil\STM32F1xx_DFP\2.3.0\Device\Inclu
de" -I"D:\arm os\ARM\CMSIS\Include" --predefine="__UVISION_VERSION SETA 525" --
predefine="STM32F10X_MD SETA 1" --list=.\listings\startup_stm32f10x_md.lst ..\S
TART\startup_stm32f10x_md.s



ARM Macro Assembler    Page 1 Alphabetic symbol ordering
Relocatable symbols

Delay 0000025C

Symbol: Delay
   Definitions
      At line 368 in file ..\START\startup_stm32f10x_md.s
   Uses
      At line 365 in file ..\START\startup_stm32f10x_md.s
Comment: Delay used once
DelayLoop0 00000264

Symbol: DelayLoop0
   Definitions
      At line 375 in file ..\START\startup_stm32f10x_md.s
   Uses
      At line 379 in file ..\START\startup_stm32f10x_md.s
      At line 384 in file ..\START\startup_stm32f10x_md.s
      At line 390 in file ..\START\startup_stm32f10x_md.s

END 00000314

Symbol: END
   Definitions
      At line 480 in file ..\START\startup_stm32f10x_md.s
   Uses
      None
Comment: END unused
ExcCmd 00000246

Symbol: ExcCmd
   Definitions
      At line 358 in file ..\START\startup_stm32f10x_md.s
   Uses
      At line 232 in file ..\START\startup_stm32f10x_md.s
      At line 241 in file ..\START\startup_stm32f10x_md.s
      At line 250 in file ..\START\startup_stm32f10x_md.s
      At line 254 in file ..\START\startup_stm32f10x_md.s
      At line 258 in file ..\START\startup_stm32f10x_md.s
      At line 269 in file ..\START\startup_stm32f10x_md.s
      At line 273 in file ..\START\startup_stm32f10x_md.s
      At line 277 in file ..\START\startup_stm32f10x_md.s
      At line 281 in file ..\START\startup_stm32f10x_md.s
      At line 285 in file ..\START\startup_stm32f10x_md.s
      At line 289 in file ..\START\startup_stm32f10x_md.s
      At line 293 in file ..\START\startup_stm32f10x_md.s
      At line 297 in file ..\START\startup_stm32f10x_md.s
      At line 301 in file ..\START\startup_stm32f10x_md.s
      At line 305 in file ..\START\startup_stm32f10x_md.s
      At line 309 in file ..\START\startup_stm32f10x_md.s
      At line 313 in file ..\START\startup_stm32f10x_md.s
      At line 317 in file ..\START\startup_stm32f10x_md.s
      At line 321 in file ..\START\startup_stm32f10x_md.s
      At line 325 in file ..\START\startup_stm32f10x_md.s
      At line 329 in file ..\START\startup_stm32f10x_md.s
      At line 338 in file ..\START\startup_stm32f10x_md.s
      At line 342 in file ..\START\startup_stm32f10x_md.s
      At line 346 in file ..\START\startup_stm32f10x_md.s
      At line 350 in file ..\START\startup_stm32f10x_md.s
      At line 354 in file ..\START\startup_stm32f10x_md.s




ARM Macro Assembler    Page 2 Alphabetic symbol ordering
Relocatable symbols

InitComp 0000027E

Symbol: InitComp
   Definitions
      At line 394 in file ..\START\startup_stm32f10x_md.s
   Uses
      At line 90 in file ..\START\startup_stm32f10x_md.s
Comment: InitComp used once
InitLED 0000020E

Symbol: InitLED
   Definitions
      At line 332 in file ..\START\startup_stm32f10x_md.s
   Uses
      At line 92 in file ..\START\startup_stm32f10x_md.s
Comment: InitLED used once
LEFT_DIG 00000142

Symbol: LEFT_DIG
   Definitions
      At line 244 in file ..\START\startup_stm32f10x_md.s
   Uses
      At line 233 in file ..\START\startup_stm32f10x_md.s
      At line 242 in file ..\START\startup_stm32f10x_md.s

LOOP 00000166

Symbol: LOOP
   Definitions
      At line 260 in file ..\START\startup_stm32f10x_md.s
   Uses
      At line 261 in file ..\START\startup_stm32f10x_md.s
Comment: LOOP used once
LedDefDegSym 00000168

Symbol: LedDefDegSym
   Definitions
      At line 263 in file ..\START\startup_stm32f10x_md.s
   Uses
      At line 91 in file ..\START\startup_stm32f10x_md.s
Comment: LedDefDegSym used once
RCC_CONFIG_72MHZ 000002B2

Symbol: RCC_CONFIG_72MHZ
   Definitions
      At line 429 in file ..\START\startup_stm32f10x_md.s
   Uses
      At line 89 in file ..\START\startup_stm32f10x_md.s
Comment: RCC_CONFIG_72MHZ used once
RESET 00000000

Symbol: RESET
   Definitions
      At line 83 in file ..\START\startup_stm32f10x_md.s
   Uses
      None
Comment: RESET unused
START 00000008




ARM Macro Assembler    Page 3 Alphabetic symbol ordering
Relocatable symbols

Symbol: START
   Definitions
      At line 87 in file ..\START\startup_stm32f10x_md.s
   Uses
      At line 85 in file ..\START\startup_stm32f10x_md.s
Comment: START used once
ShowLED1 0000011E

Symbol: ShowLED1
   Definitions
      At line 226 in file ..\START\startup_stm32f10x_md.s
   Uses
      At line 110 in file ..\START\startup_stm32f10x_md.s
      At line 116 in file ..\START\startup_stm32f10x_md.s
      At line 122 in file ..\START\startup_stm32f10x_md.s
      At line 128 in file ..\START\startup_stm32f10x_md.s
      At line 134 in file ..\START\startup_stm32f10x_md.s
      At line 140 in file ..\START\startup_stm32f10x_md.s
      At line 146 in file ..\START\startup_stm32f10x_md.s
      At line 152 in file ..\START\startup_stm32f10x_md.s
      At line 158 in file ..\START\startup_stm32f10x_md.s
      At line 164 in file ..\START\startup_stm32f10x_md.s

ShowLED2 00000130

Symbol: ShowLED2
   Definitions
      At line 235 in file ..\START\startup_stm32f10x_md.s
   Uses
      At line 170 in file ..\START\startup_stm32f10x_md.s
      At line 176 in file ..\START\startup_stm32f10x_md.s
      At line 182 in file ..\START\startup_stm32f10x_md.s
      At line 188 in file ..\START\startup_stm32f10x_md.s
      At line 194 in file ..\START\startup_stm32f10x_md.s
      At line 200 in file ..\START\startup_stm32f10x_md.s
      At line 206 in file ..\START\startup_stm32f10x_md.s
      At line 212 in file ..\START\startup_stm32f10x_md.s
      At line 218 in file ..\START\startup_stm32f10x_md.s
      At line 224 in file ..\START\startup_stm32f10x_md.s

WAIT_CONV 00000022

Symbol: WAIT_CONV
   Definitions
      At line 98 in file ..\START\startup_stm32f10x_md.s
   Uses
      At line 101 in file ..\START\startup_stm32f10x_md.s
Comment: WAIT_CONV used once
WAIT_HCLK_USEPLL 00000308

Symbol: WAIT_HCLK_USEPLL
   Definitions
      At line 473 in file ..\START\startup_stm32f10x_md.s
   Uses
      At line 477 in file ..\START\startup_stm32f10x_md.s
Comment: WAIT_HCLK_USEPLL used once
WAIT_HSE_RDY 000002C0

Symbol: WAIT_HSE_RDY



ARM Macro Assembler    Page 4 Alphabetic symbol ordering
Relocatable symbols

   Definitions
      At line 435 in file ..\START\startup_stm32f10x_md.s
   Uses
      At line 440 in file ..\START\startup_stm32f10x_md.s
Comment: WAIT_HSE_RDY used once
WAIT_PLL_RDY 000002EE

Symbol: WAIT_PLL_RDY
   Definitions
      At line 462 in file ..\START\startup_stm32f10x_md.s
   Uses
      At line 467 in file ..\START\startup_stm32f10x_md.s
Comment: WAIT_PLL_RDY used once
18 symbols



ARM Macro Assembler    Page 1 Alphabetic symbol ordering
Absolute symbols

ADC10 0000059A

Symbol: ADC10
   Definitions
      At line 61 in file ..\START\startup_stm32f10x_md.s
   Uses
      At line 106 in file ..\START\startup_stm32f10x_md.s
Comment: ADC10 used once
ADC11 0000059E

Symbol: ADC11
   Definitions
      At line 62 in file ..\START\startup_stm32f10x_md.s
   Uses
      At line 112 in file ..\START\startup_stm32f10x_md.s
Comment: ADC11 used once
ADC12 000005AF

Symbol: ADC12
   Definitions
      At line 63 in file ..\START\startup_stm32f10x_md.s
   Uses
      At line 118 in file ..\START\startup_stm32f10x_md.s
Comment: ADC12 used once
ADC13 000005CA

Symbol: ADC13
   Definitions
      At line 64 in file ..\START\startup_stm32f10x_md.s
   Uses
      At line 124 in file ..\START\startup_stm32f10x_md.s
Comment: ADC13 used once
ADC14 000005EE

Symbol: ADC14
   Definitions
      At line 65 in file ..\START\startup_stm32f10x_md.s
   Uses
      At line 130 in file ..\START\startup_stm32f10x_md.s
Comment: ADC14 used once
ADC15 00000617

Symbol: ADC15
   Definitions
      At line 66 in file ..\START\startup_stm32f10x_md.s
   Uses
      At line 136 in file ..\START\startup_stm32f10x_md.s
Comment: ADC15 used once
ADC16 00000644

Symbol: ADC16
   Definitions
      At line 67 in file ..\START\startup_stm32f10x_md.s
   Uses
      At line 142 in file ..\START\startup_stm32f10x_md.s
Comment: ADC16 used once
ADC17 00000674

Symbol: ADC17



ARM Macro Assembler    Page 2 Alphabetic symbol ordering
Absolute symbols

   Definitions
      At line 68 in file ..\START\startup_stm32f10x_md.s
   Uses
      At line 148 in file ..\START\startup_stm32f10x_md.s
Comment: ADC17 used once
ADC18 000006A7

Symbol: ADC18
   Definitions
      At line 69 in file ..\START\startup_stm32f10x_md.s
   Uses
      At line 154 in file ..\START\startup_stm32f10x_md.s
Comment: ADC18 used once
ADC19 000006DA

Symbol: ADC19
   Definitions
      At line 70 in file ..\START\startup_stm32f10x_md.s
   Uses
      At line 160 in file ..\START\startup_stm32f10x_md.s
Comment: ADC19 used once
ADC1EN 00000200

Symbol: ADC1EN
   Definitions
      At line 24 in file ..\START\startup_stm32f10x_md.s
   Uses
      At line 25 in file ..\START\startup_stm32f10x_md.s
Comment: ADC1EN used once
ADC1_BASE 40012400

Symbol: ADC1_BASE
   Definitions
      At line 27 in file ..\START\startup_stm32f10x_md.s
   Uses
      At line 28 in file ..\START\startup_stm32f10x_md.s
      At line 29 in file ..\START\startup_stm32f10x_md.s
      At line 30 in file ..\START\startup_stm32f10x_md.s
      At line 31 in file ..\START\startup_stm32f10x_md.s
      At line 32 in file ..\START\startup_stm32f10x_md.s
      At line 33 in file ..\START\startup_stm32f10x_md.s
      At line 34 in file ..\START\startup_stm32f10x_md.s
      At line 35 in file ..\START\startup_stm32f10x_md.s

ADC1_CR1 40012404

Symbol: ADC1_CR1
   Definitions
      At line 29 in file ..\START\startup_stm32f10x_md.s
   Uses
      None
Comment: ADC1_CR1 unused
ADC1_CR2 40012408

Symbol: ADC1_CR2
   Definitions
      At line 30 in file ..\START\startup_stm32f10x_md.s
   Uses
      At line 95 in file ..\START\startup_stm32f10x_md.s



ARM Macro Assembler    Page 3 Alphabetic symbol ordering
Absolute symbols

      At line 420 in file ..\START\startup_stm32f10x_md.s

ADC1_DR 4001244C

Symbol: ADC1_DR
   Definitions
      At line 35 in file ..\START\startup_stm32f10x_md.s
   Uses
      At line 103 in file ..\START\startup_stm32f10x_md.s
Comment: ADC1_DR used once
ADC1_SMPR1 4001240C

Symbol: ADC1_SMPR1
   Definitions
      At line 31 in file ..\START\startup_stm32f10x_md.s
   Uses
      None
Comment: ADC1_SMPR1 unused
ADC1_SMPR2 40012410

Symbol: ADC1_SMPR2
   Definitions
      At line 32 in file ..\START\startup_stm32f10x_md.s
   Uses
      None
Comment: ADC1_SMPR2 unused
ADC1_SQR1 4001242C

Symbol: ADC1_SQR1
   Definitions
      At line 33 in file ..\START\startup_stm32f10x_md.s
   Uses
      None
Comment: ADC1_SQR1 unused
ADC1_SQR3 40012434

Symbol: ADC1_SQR3
   Definitions
      At line 34 in file ..\START\startup_stm32f10x_md.s
   Uses
      At line 417 in file ..\START\startup_stm32f10x_md.s
Comment: ADC1_SQR3 used once
ADC1_SR 40012400

Symbol: ADC1_SR
   Definitions
      At line 28 in file ..\START\startup_stm32f10x_md.s
   Uses
      At line 97 in file ..\START\startup_stm32f10x_md.s
Comment: ADC1_SR used once
ADC20 0000070D

Symbol: ADC20
   Definitions
      At line 71 in file ..\START\startup_stm32f10x_md.s
   Uses
      At line 166 in file ..\START\startup_stm32f10x_md.s
Comment: ADC20 used once
ADC21 00000740



ARM Macro Assembler    Page 4 Alphabetic symbol ordering
Absolute symbols


Symbol: ADC21
   Definitions
      At line 72 in file ..\START\startup_stm32f10x_md.s
   Uses
      At line 172 in file ..\START\startup_stm32f10x_md.s
Comment: ADC21 used once
ADC22 00000772

Symbol: ADC22
   Definitions
      At line 73 in file ..\START\startup_stm32f10x_md.s
   Uses
      At line 178 in file ..\START\startup_stm32f10x_md.s
Comment: ADC22 used once
ADC23 000007A3

Symbol: ADC23
   Definitions
      At line 74 in file ..\START\startup_stm32f10x_md.s
   Uses
      At line 184 in file ..\START\startup_stm32f10x_md.s
Comment: ADC23 used once
ADC24 000007D2

Symbol: ADC24
   Definitions
      At line 75 in file ..\START\startup_stm32f10x_md.s
   Uses
      At line 190 in file ..\START\startup_stm32f10x_md.s
Comment: ADC24 used once
ADC25 00000800

Symbol: ADC25
   Definitions
      At line 76 in file ..\START\startup_stm32f10x_md.s
   Uses
      At line 196 in file ..\START\startup_stm32f10x_md.s
Comment: ADC25 used once
ADC26 0000082C

Symbol: ADC26
   Definitions
      At line 77 in file ..\START\startup_stm32f10x_md.s
   Uses
      At line 202 in file ..\START\startup_stm32f10x_md.s
Comment: ADC26 used once
ADC27 00000857

Symbol: ADC27
   Definitions
      At line 78 in file ..\START\startup_stm32f10x_md.s
   Uses
      At line 208 in file ..\START\startup_stm32f10x_md.s
Comment: ADC27 used once
ADC28 00000881

Symbol: ADC28
   Definitions



ARM Macro Assembler    Page 5 Alphabetic symbol ordering
Absolute symbols

      At line 79 in file ..\START\startup_stm32f10x_md.s
   Uses
      At line 214 in file ..\START\startup_stm32f10x_md.s
Comment: ADC28 used once
ADC29 000008A9

Symbol: ADC29
   Definitions
      At line 80 in file ..\START\startup_stm32f10x_md.s
   Uses
      At line 220 in file ..\START\startup_stm32f10x_md.s
Comment: ADC29 used once
AFIOEN 00000001

Symbol: AFIOEN
   Definitions
      At line 23 in file ..\START\startup_stm32f10x_md.s
   Uses
      At line 25 in file ..\START\startup_stm32f10x_md.s
Comment: AFIOEN used once
APB2ENALL 0000020D

Symbol: APB2ENALL
   Definitions
      At line 25 in file ..\START\startup_stm32f10x_md.s
   Uses
      At line 399 in file ..\START\startup_stm32f10x_md.s
Comment: APB2ENALL used once
CFGAH 00000333

Symbol: CFGAH
   Definitions
      At line 10 in file ..\START\startup_stm32f10x_md.s
   Uses
      At line 406 in file ..\START\startup_stm32f10x_md.s
Comment: CFGAH used once
CFGAL 33333333

Symbol: CFGAL
   Definitions
      At line 9 in file ..\START\startup_stm32f10x_md.s
   Uses
      At line 403 in file ..\START\startup_stm32f10x_md.s
Comment: CFGAL used once
CFGBL 00000000

Symbol: CFGBL
   Definitions
      At line 18 in file ..\START\startup_stm32f10x_md.s
   Uses
      At line 411 in file ..\START\startup_stm32f10x_md.s
Comment: CFGBL used once
CLEAR 00000001

Symbol: CLEAR
   Definitions
      At line 37 in file ..\START\startup_stm32f10x_md.s
   Uses
      At line 348 in file ..\START\startup_stm32f10x_md.s



ARM Macro Assembler    Page 6 Alphabetic symbol ordering
Absolute symbols

Comment: CLEAR used once
CRLF 000000C0

Symbol: CRLF
   Definitions
      At line 43 in file ..\START\startup_stm32f10x_md.s
   Uses
      At line 256 in file ..\START\startup_stm32f10x_md.s
Comment: CRLF used once
DEFSYM 00000040

Symbol: DEFSYM
   Definitions
      At line 42 in file ..\START\startup_stm32f10x_md.s
   Uses
      None
Comment: DEFSYM unused
DIGREE1 00000210

Symbol: DIGREE1
   Definitions
      At line 50 in file ..\START\startup_stm32f10x_md.s
   Uses
      At line 271 in file ..\START\startup_stm32f10x_md.s
Comment: DIGREE1 used once
DIGREE2 00000206

Symbol: DIGREE2
   Definitions
      At line 51 in file ..\START\startup_stm32f10x_md.s
   Uses
      At line 279 in file ..\START\startup_stm32f10x_md.s
Comment: DIGREE2 used once
DIGREE3 00000209

Symbol: DIGREE3
   Definitions
      At line 52 in file ..\START\startup_stm32f10x_md.s
   Uses
      At line 287 in file ..\START\startup_stm32f10x_md.s
Comment: DIGREE3 used once
DIGREE4 00000208

Symbol: DIGREE4
   Definitions
      At line 53 in file ..\START\startup_stm32f10x_md.s
   Uses
      At line 295 in file ..\START\startup_stm32f10x_md.s
Comment: DIGREE4 used once
DIGREE5 00000208

Symbol: DIGREE5
   Definitions
      At line 54 in file ..\START\startup_stm32f10x_md.s
   Uses
      At line 303 in file ..\START\startup_stm32f10x_md.s
Comment: DIGREE5 used once
DIGREE6 00000209




ARM Macro Assembler    Page 7 Alphabetic symbol ordering
Absolute symbols

Symbol: DIGREE6
   Definitions
      At line 55 in file ..\START\startup_stm32f10x_md.s
   Uses
      At line 311 in file ..\START\startup_stm32f10x_md.s
Comment: DIGREE6 used once
DIGREE7 00000206

Symbol: DIGREE7
   Definitions
      At line 56 in file ..\START\startup_stm32f10x_md.s
   Uses
      At line 319 in file ..\START\startup_stm32f10x_md.s
Comment: DIGREE7 used once
DIGREE8 00000200

Symbol: DIGREE8
   Definitions
      At line 57 in file ..\START\startup_stm32f10x_md.s
   Uses
      At line 327 in file ..\START\startup_stm32f10x_md.s
Comment: DIGREE8 used once
DISPMODE 00000038

Symbol: DISPMODE
   Definitions
      At line 41 in file ..\START\startup_stm32f10x_md.s
   Uses
      At line 336 in file ..\START\startup_stm32f10x_md.s
Comment: DISPMODE used once
DISPON 0000000C

Symbol: DISPON
   Definitions
      At line 40 in file ..\START\startup_stm32f10x_md.s
   Uses
      At line 340 in file ..\START\startup_stm32f10x_md.s
Comment: DISPON used once
GIOPAEN 00000004

Symbol: GIOPAEN
   Definitions
      At line 21 in file ..\START\startup_stm32f10x_md.s
   Uses
      At line 25 in file ..\START\startup_stm32f10x_md.s
Comment: GIOPAEN used once
GIOPBEN 00000008

Symbol: GIOPBEN
   Definitions
      At line 22 in file ..\START\startup_stm32f10x_md.s
   Uses
      At line 25 in file ..\START\startup_stm32f10x_md.s
Comment: GIOPBEN used once
GPIOA_BASE 40010800

Symbol: GPIOA_BASE
   Definitions
      At line 1 in file ..\START\startup_stm32f10x_md.s



ARM Macro Assembler    Page 8 Alphabetic symbol ordering
Absolute symbols

   Uses
      At line 2 in file ..\START\startup_stm32f10x_md.s
      At line 3 in file ..\START\startup_stm32f10x_md.s
      At line 4 in file ..\START\startup_stm32f10x_md.s
      At line 5 in file ..\START\startup_stm32f10x_md.s
      At line 6 in file ..\START\startup_stm32f10x_md.s
      At line 7 in file ..\START\startup_stm32f10x_md.s

GPIOA_BRR 40010814

Symbol: GPIOA_BRR
   Definitions
      At line 7 in file ..\START\startup_stm32f10x_md.s
   Uses
      None
Comment: GPIOA_BRR unused
GPIOA_BSRR 40010810

Symbol: GPIOA_BSRR
   Definitions
      At line 6 in file ..\START\startup_stm32f10x_md.s
   Uses
      At line 360 in file ..\START\startup_stm32f10x_md.s
Comment: GPIOA_BSRR used once
GPIOA_CRH 40010804

Symbol: GPIOA_CRH
   Definitions
      At line 3 in file ..\START\startup_stm32f10x_md.s
   Uses
      At line 407 in file ..\START\startup_stm32f10x_md.s
Comment: GPIOA_CRH used once
GPIOA_CRL 40010800

Symbol: GPIOA_CRL
   Definitions
      At line 2 in file ..\START\startup_stm32f10x_md.s
   Uses
      At line 404 in file ..\START\startup_stm32f10x_md.s
Comment: GPIOA_CRL used once
GPIOA_IDR 40010808

Symbol: GPIOA_IDR
   Definitions
      At line 4 in file ..\START\startup_stm32f10x_md.s
   Uses
      None
Comment: GPIOA_IDR unused
GPIOA_ODR 4001080C

Symbol: GPIOA_ODR
   Definitions
      At line 5 in file ..\START\startup_stm32f10x_md.s
   Uses
      At line 227 in file ..\START\startup_stm32f10x_md.s
      At line 236 in file ..\START\startup_stm32f10x_md.s
      At line 245 in file ..\START\startup_stm32f10x_md.s
      At line 265 in file ..\START\startup_stm32f10x_md.s
      At line 334 in file ..\START\startup_stm32f10x_md.s



ARM Macro Assembler    Page 9 Alphabetic symbol ordering
Absolute symbols


GPIOB_BASE 40010C00

Symbol: GPIOB_BASE
   Definitions
      At line 12 in file ..\START\startup_stm32f10x_md.s
   Uses
      At line 13 in file ..\START\startup_stm32f10x_md.s
      At line 14 in file ..\START\startup_stm32f10x_md.s
      At line 15 in file ..\START\startup_stm32f10x_md.s
      At line 16 in file ..\START\startup_stm32f10x_md.s
      At line 17 in file ..\START\startup_stm32f10x_md.s

GPIOB_BSRR 40010C10

Symbol: GPIOB_BSRR
   Definitions
      At line 17 in file ..\START\startup_stm32f10x_md.s
   Uses
      None
Comment: GPIOB_BSRR unused
GPIOB_CRH 40010C04

Symbol: GPIOB_CRH
   Definitions
      At line 14 in file ..\START\startup_stm32f10x_md.s
   Uses
      None
Comment: GPIOB_CRH unused
GPIOB_CRL 40010C00

Symbol: GPIOB_CRL
   Definitions
      At line 13 in file ..\START\startup_stm32f10x_md.s
   Uses
      At line 412 in file ..\START\startup_stm32f10x_md.s
Comment: GPIOB_CRL used once
GPIOB_IDR 40010C08

Symbol: GPIOB_IDR
   Definitions
      At line 15 in file ..\START\startup_stm32f10x_md.s
   Uses
      None
Comment: GPIOB_IDR unused
GPIOB_ODR 40010C0C

Symbol: GPIOB_ODR
   Definitions
      At line 16 in file ..\START\startup_stm32f10x_md.s
   Uses
      None
Comment: GPIOB_ODR unused
INMODE 00000006

Symbol: INMODE
   Definitions
      At line 39 in file ..\START\startup_stm32f10x_md.s
   Uses



ARM Macro Assembler    Page 10 Alphabetic symbol ordering
Absolute symbols

      At line 344 in file ..\START\startup_stm32f10x_md.s
Comment: INMODE used once
RCC_APB2ENR 40021018

Symbol: RCC_APB2ENR
   Definitions
      At line 20 in file ..\START\startup_stm32f10x_md.s
   Uses
      At line 398 in file ..\START\startup_stm32f10x_md.s
Comment: RCC_APB2ENR used once
RESETCUR 00000002

Symbol: RESETCUR
   Definitions
      At line 38 in file ..\START\startup_stm32f10x_md.s
   Uses
      At line 352 in file ..\START\startup_stm32f10x_md.s
Comment: RESETCUR used once
ROW 00000058

Symbol: ROW
   Definitions
      At line 58 in file ..\START\startup_stm32f10x_md.s
   Uses
      At line 267 in file ..\START\startup_stm32f10x_md.s
Comment: ROW used once
STACK_TOP 20002000

Symbol: STACK_TOP
   Definitions
      At line 82 in file ..\START\startup_stm32f10x_md.s
   Uses
      At line 84 in file ..\START\startup_stm32f10x_md.s
Comment: STACK_TOP used once
WRTDIGIT 00000230

Symbol: WRTDIGIT
   Definitions
      At line 45 in file ..\START\startup_stm32f10x_md.s
   Uses
      At line 228 in file ..\START\startup_stm32f10x_md.s
      At line 237 in file ..\START\startup_stm32f10x_md.s
      At line 246 in file ..\START\startup_stm32f10x_md.s

WRTDOT 0000022E

Symbol: WRTDOT
   Definitions
      At line 47 in file ..\START\startup_stm32f10x_md.s
   Uses
      None
Comment: WRTDOT unused
WRTLETTER 00000241

Symbol: WRTLETTER
   Definitions
      At line 46 in file ..\START\startup_stm32f10x_md.s
   Uses
      None



ARM Macro Assembler    Page 11 Alphabetic symbol ordering
Absolute symbols

Comment: WRTLETTER unused
WRTSPACE 00000220

Symbol: WRTSPACE
   Definitions
      At line 48 in file ..\START\startup_stm32f10x_md.s
   Uses
      None
Comment: WRTSPACE unused
WRTSYM 00000200

Symbol: WRTSYM
   Definitions
      At line 44 in file ..\START\startup_stm32f10x_md.s
   Uses
      None
Comment: WRTSYM unused
73 symbols
425 symbols in table
